2021-04-12 13:34:45
Url_http://198.98.98.161:1905/api/Users/Login

2021-04-12 13:34:45
Request_{"AppId":"2017022215330002","Nonce":1618205685,"MobilePhone":"13294134388","DeviceToken":"Agz7f_fJBt_OuUerjaNCepuVsuvT7Cgr8vuj3p","UserOpenId":"oR6kb1Y4lE2Rg-FsNvtX_ebSfyRE","LoginType":2,"CityCode":"440600","AuthCode":"246459","Sign":"dPUH63VufbEbh92vSsReNwLXl6Ri3NVaO4egzuy0Esc="}

2021-04-12 13:34:45
Response_{"RetCode":0,"Message":"success","Data":{"ImageUrl":null,"AccessToken":"9yf8/CJDPzgBXRCfkovuogTW9hV3lk81elLWn5uVWDtrJMyWf41whUxckbl7ZBLc","PayPswState":2,"LoginPswState":2,"isFirstLogin":0}}

2021-04-12 13:41:18
Url_http://198.98.98.161:1905/api/Users/Login

2021-04-12 13:41:18
Request_{"AppId":"2017022215330002","Nonce":1618206078,"MobilePhone":"13294134388","DeviceToken":"Agz7f_fJBt_OuUerjaNCepuVsuvT7Cgr8vuj3p","UserOpenId":"oR6kb1Y4lE2Rg-FsNvtX_ebSfyRE","LoginType":2,"CityCode":"440600","AuthCode":"161322","Sign":"bgp1DtKYyOh8nZm4FtuvPrQDNQx67cgj92MJmIdVmfE="}

2021-04-12 13:41:19
Response_{"RetCode":0,"Message":"success","Data":{"ImageUrl":null,"AccessToken":"+LW9GXVV2JAxM5MM0Tnr0Z7G1u7cDfsjoc9+7eIwmEtyIFk5F7z/9cFlGmg3bTz7","PayPswState":2,"LoginPswState":2,"isFirstLogin":0}}

2021-04-12 13:43:10
Url_http://198.98.98.161:1905/api/Users/Login

2021-04-12 13:43:10
Request_{"AppId":"2017022215330002","Nonce":1618206190,"MobilePhone":"13294134388","DeviceToken":"Agz7f_fJBt_OuUerjaNCepuVsuvT7Cgr8vuj3p","UserOpenId":"oR6kb1Y4lE2Rg-FsNvtX_ebSfyRE","LoginType":2,"CityCode":"440600","AuthCode":"833202","Sign":"YYJel\/4A\/1uaTRxRAra\/Czt\/MWA8EwrRuGTm9MdxkJI="}

2021-04-12 13:43:10
Response_{"RetCode":0,"Message":"success","Data":{"ImageUrl":null,"AccessToken":"Ica8LmsUh9vRgWjCgp4g2ha01mUXiW+0ZqVH7R5P/OvcgUpKZwYxXHrWE/T3e6oY","PayPswState":2,"LoginPswState":2,"isFirstLogin":0}}

2021-04-12 14:31:35
Url_http://198.98.98.161:1905/api/Users/Login

2021-04-12 14:31:35
Request_{"AppId":"2017022215330002","Nonce":1618209095,"MobilePhone":"13294134388","DeviceToken":"Agz7f_fJBt_OuUerjaNCepuVsuvT7Cgr8vuj3p","UserOpenId":"oR6kb1Y4lE2Rg-FsNvtX_ebSfyRE","LoginType":2,"CityCode":"440600","AuthCode":"435659","Sign":"I89EjB9+7WMHpURMJEAcAF0MXU8K3OSYDjm0TbwGugc="}

2021-04-12 14:31:35
Response_{"RetCode":0,"Message":"success","Data":{"ImageUrl":null,"AccessToken":"NR8ev4SmrwgwFDhh2PAoTtmWrnBIaxf7NTZ5zaRfiN1W180io3lzWTtLPQOiz69Y","PayPswState":2,"LoginPswState":2,"isFirstLogin":0}}

2021-04-12 14:41:26
Url_http://198.98.98.161:1905/api/Users/Login

2021-04-12 14:41:26
Request_{"AppId":"2017022215330002","Nonce":1618209686,"MobilePhone":"13294134388","DeviceToken":"Agz7f_fJBt_OuUerjaNCepuVsuvT7Cgr8vuj3p","UserOpenId":"oR6kb1Y4lE2Rg-FsNvtX_ebSfyRE","LoginType":2,"CityCode":"440600","AuthCode":"175838","Sign":"kZKNblGD+BqVsShEGDfOw5crmeV4z2JAUeNLNTQ9AJM="}

2021-04-12 14:41:26
Response_{"RetCode":0,"Message":"success","Data":{"ImageUrl":null,"AccessToken":"T0DfTZ8bsPUrHODezUqSnYpczfM+oCwdZItGozsmfgY/HrKxQ1XLXdoSqDcA3q8t","PayPswState":2,"LoginPswState":2,"isFirstLogin":0}}

2021-04-12 14:42:29
Url_http://198.98.98.161:1905/api/Users/Login

2021-04-12 14:42:29
Request_{"AppId":"2017022215330002","Nonce":1618209749,"MobilePhone":"13294134388","DeviceToken":"Agz7f_fJBt_OuUerjaNCepuVsuvT7Cgr8vuj3p","UserOpenId":"oR6kb1Y4lE2Rg-FsNvtX_ebSfyRE","LoginType":2,"CityCode":"440600","AuthCode":"158273","Sign":"00Z8RyxtUPqhTnEGdHURuzbX7WjMCvv5BSVpt+BryY0="}

2021-04-12 14:42:29
Response_{"RetCode":0,"Message":"success","Data":{"ImageUrl":null,"AccessToken":"aBZ6DnE+ddN77sjKneQBd6XWlLpg8oPEzOizm6LK+isKVgq3c3G2TREOVod/lzSJ","PayPswState":2,"LoginPswState":2,"isFirstLogin":0}}

2021-04-12 14:44:58
Url_http://198.98.98.161:1905/api/Users/Login

2021-04-12 14:44:58
Request_{"AppId":"2017022215330002","Nonce":1618209898,"MobilePhone":"13294134388","DeviceToken":"Agz7f_fJBt_OuUerjaNCepuVsuvT7Cgr8vuj3p","UserOpenId":"oR6kb1Y4lE2Rg-FsNvtX_ebSfyRE","LoginType":2,"CityCode":"440600","AuthCode":"125322","Sign":"d1nnQlWF8ZsUE72lRiOETjk3Mra0oMULFOWacOgQCzE="}

2021-04-12 14:44:58
Response_{"RetCode":0,"Message":"success","Data":{"ImageUrl":null,"AccessToken":"OVKmY7CmDKGvaFVIuzq3PgnEj1byGPhvR7WPFl4xDqg896G8fUfckEmugRZPm4JK","PayPswState":2,"LoginPswState":2,"isFirstLogin":0}}

2021-04-12 14:45:48
Url_http://198.98.98.161:1905/api/Users/Login

2021-04-12 14:45:48
Request_{"AppId":"2017022215330002","Nonce":1618209948,"MobilePhone":"13294134388","DeviceToken":"Agz7f_fJBt_OuUerjaNCepuVsuvT7Cgr8vuj3p","UserOpenId":"oR6kb1Y4lE2Rg-FsNvtX_ebSfyRE","LoginType":2,"CityCode":"440600","AuthCode":"845179","Sign":"O\/CJzLxmcItMUQ1cRDMpzzK0AJ8AjQudqJo9H+ZN99U="}

2021-04-12 14:45:48
Response_{"RetCode":1001,"Message":"您输入的验证码不匹配","Data":{}}

2021-04-12 14:46:25
Url_http://198.98.98.161:1905/api/Users/Login

2021-04-12 14:46:25
Request_{"AppId":"2017022215330002","Nonce":1618209985,"MobilePhone":"13294134388","DeviceToken":"Agz7f_fJBt_OuUerjaNCepuVsuvT7Cgr8vuj3p","UserOpenId":"oR6kb1Y4lE2Rg-FsNvtX_ebSfyRE","LoginType":2,"CityCode":"440600","AuthCode":"031893","Sign":"hGFRTY0RdAxe\/hNy0XtBd81xtPIgMNg+Df3gjenIOjU="}

2021-04-12 14:46:25
Response_{"RetCode":0,"Message":"success","Data":{"ImageUrl":null,"AccessToken":"Zy2mQnuLb3cldMrLwVCIQFgYgUE0J9KQVZM0eVr8Zm/xGXiwzbh1fJ6vpCs9nDoP","PayPswState":2,"LoginPswState":2,"isFirstLogin":0}}

2021-04-12 14:47:33
Url_http://198.98.98.161:1905/api/Users/Login

2021-04-12 14:47:33
Request_{"AppId":"2017022215330002","Nonce":1618210053,"MobilePhone":"13294134388","DeviceToken":"Agz7f_fJBt_OuUerjaNCepuVsuvT7Cgr8vuj3p","UserOpenId":"oR6kb1Y4lE2Rg-FsNvtX_ebSfyRE","LoginType":2,"CityCode":"440600","AuthCode":"374874","Sign":"k9PwhyrsheBbtESuvfE7Lnd\/Xsd9Unu7OXYE9JOMXtc="}

2021-04-12 14:47:33
Response_{"RetCode":0,"Message":"success","Data":{"ImageUrl":null,"AccessToken":"tohHf3qJh8BJTUfoaB1pHkHnGAxNCTG3ZN9EXUb3QhOrnj4bx8CmCzX2pxR/qJnr","PayPswState":2,"LoginPswState":2,"isFirstLogin":0}}

2021-04-12 14:48:43
Url_http://198.98.98.161:1905/api/Users/Login

2021-04-12 14:48:43
Request_{"AppId":"2017022215330002","Nonce":1618210123,"MobilePhone":"13294134388","DeviceToken":"Agz7f_fJBt_OuUerjaNCepuVsuvT7Cgr8vuj3p","UserOpenId":"oR6kb1Y4lE2Rg-FsNvtX_ebSfyRE","LoginType":2,"CityCode":"440600","AuthCode":"240938","Sign":"eIPdCrja8JCKpG2FYx8vI1oUEOCibIiJTxIx017nyZI="}

2021-04-12 14:48:43
Response_{"RetCode":0,"Message":"success","Data":{"ImageUrl":null,"AccessToken":"BvoQWih1lgBQEFrkR/nN+jqgRC7aAe4Bq3lkwC1w5uNQIIm0AldVERxl4lpV54iG","PayPswState":2,"LoginPswState":2,"isFirstLogin":0}}

2021-04-12 15:35:01
Url_http://198.98.98.161:1905/api/Users/Login

2021-04-12 15:35:01
Request_{"AppId":"2017022215330002","Nonce":1618212901,"MobilePhone":"13294134388","DeviceToken":"Agz7f_fJBt_OuUerjaNCepuVsuvT7Cgr8vuj3p","UserOpenId":"oR6kb1Y4lE2Rg-FsNvtX_ebSfyRE","LoginType":2,"CityCode":"440600","AuthCode":"045878","Sign":"CpPkNyWtb57uPu\/8B+VILfMBidNLsEc7o44SZ50QHR4="}

2021-04-12 15:35:01
Response_{"RetCode":0,"Message":"success","Data":{"ImageUrl":null,"AccessToken":"krcplmHnvMOBjFpdb8ikwlaU9cGUaQFdfKM7AqOZvnucJB2hyeutYJyheViLl9V9","PayPswState":2,"LoginPswState":2,"isFirstLogin":0}}

2021-04-12 15:35:46
Url_http://198.98.98.161:1905/api/Users/Login

2021-04-12 15:35:46
Request_{"AppId":"2017022215330002","Nonce":1618212946,"MobilePhone":"13294134388","DeviceToken":"Agz7f_fJBt_OuUerjaNCepuVsuvT7Cgr8vuj3p","UserOpenId":"oR6kb1Y4lE2Rg-FsNvtX_ebSfyRE","LoginType":2,"CityCode":"440600","AuthCode":"171116","Sign":"LnNh9H0CAAd8F8C9afytYJZQ0QaRKy\/WLK1jlVRuUP8="}

2021-04-12 15:35:46
Response_{"RetCode":0,"Message":"success","Data":{"ImageUrl":null,"AccessToken":"G+/BufWHlt/aPMJl3Cbxx8ZwI7JYUiOJCzeuu4HtSzRhMSP9Msj7h/aubUjV++2s","PayPswState":2,"LoginPswState":2,"isFirstLogin":0}}

2021-04-12 15:36:26
Url_http://198.98.98.161:1905/api/Users/Login

2021-04-12 15:36:26
Request_{"AppId":"2017022215330002","Nonce":1618212986,"MobilePhone":"13294134388","DeviceToken":"Agz7f_fJBt_OuUerjaNCepuVsuvT7Cgr8vuj3p","UserOpenId":"oR6kb1Y4lE2Rg-FsNvtX_ebSfyRE","LoginType":2,"CityCode":"440600","AuthCode":"053108","Sign":"Fg3IMDd0DKHUokMPL17eBsSdMPGMFlQVDXpIkqQzsxw="}

2021-04-12 15:36:26
Response_{"RetCode":0,"Message":"success","Data":{"ImageUrl":null,"AccessToken":"UagGwTvHFU8vhAUYyNErC9AvnLyMU9i4qIKU5wPpnUYo8JMvoZWpes2J30vJPCCO","PayPswState":2,"LoginPswState":2,"isFirstLogin":0}}

2021-04-12 15:37:25
Url_http://198.98.98.161:1905/api/Users/Login

2021-04-12 15:37:25
Request_{"AppId":"2017022215330002","Nonce":1618213045,"MobilePhone":"13294134388","DeviceToken":"Agz7f_fJBt_OuUerjaNCepuVsuvT7Cgr8vuj3p","UserOpenId":"oR6kb1Y4lE2Rg-FsNvtX_ebSfyRE","LoginType":2,"CityCode":"440600","AuthCode":"994656","Sign":"kVra8UAWw+Tl5sXM8E4hr9pNSBSY8AemLJemlpdIC0w="}

2021-04-12 15:37:25
Response_{"RetCode":0,"Message":"success","Data":{"ImageUrl":null,"AccessToken":"yBHSpSdOEwRnsz9DW9ma5hdQ8FwsvEvNJagofYMKg9xlm4ShyMd2mtcWa6GYKT/T","PayPswState":2,"LoginPswState":2,"isFirstLogin":0}}

2021-04-12 15:40:06
Url_http://198.98.98.161:1905/api/Users/Login

2021-04-12 15:40:06
Request_{"AppId":"2017022215330002","Nonce":1618213206,"MobilePhone":"13294134388","DeviceToken":"Agz7f_fJBt_OuUerjaNCepuVsuvT7Cgr8vuj3p","UserOpenId":"oR6kb1Y4lE2Rg-FsNvtX_ebSfyRE","LoginType":2,"CityCode":"440600","AuthCode":"221712","Sign":"tDaHC8Cek5B2GEVc1D2Gjee\/8i7y6boHE8Vuc8QwCLQ="}

2021-04-12 15:40:06
Response_{"RetCode":0,"Message":"success","Data":{"ImageUrl":null,"AccessToken":"WLKQpOtMyMF8daizo0Ijy/qjkcwunitFkE6tL0vvjPl0JlRt38pYQk2os8WK1jR5","PayPswState":2,"LoginPswState":2,"isFirstLogin":0}}

2021-04-12 15:41:30
Url_http://198.98.98.161:1905/api/Users/Login

2021-04-12 15:41:30
Request_{"AppId":"2017022215330002","Nonce":1618213290,"MobilePhone":"13294134388","DeviceToken":"Agz7f_fJBt_OuUerjaNCepuVsuvT7Cgr8vuj3p","UserOpenId":"oR6kb1Y4lE2Rg-FsNvtX_ebSfyRE","LoginType":2,"CityCode":"440600","AuthCode":"831485","Sign":"D6NCuqfFuy2DX06PQ0V89CkSgSqRrR39aV2FN9vEBno="}

2021-04-12 15:41:30
Response_{"RetCode":0,"Message":"success","Data":{"ImageUrl":null,"AccessToken":"MtBejILasb+km9SAGVT9sd5LVSA0S1Q62BlMVhO4Tpooe5iMMgeSW45h2IZVJaHT","PayPswState":2,"LoginPswState":2,"isFirstLogin":0}}

2021-04-12 15:42:38
Url_http://198.98.98.161:1905/api/Users/Login

2021-04-12 15:42:38
Request_{"AppId":"2017022215330002","Nonce":1618213358,"MobilePhone":"13294134388","DeviceToken":"Agz7f_fJBt_OuUerjaNCepuVsuvT7Cgr8vuj3p","UserOpenId":"oR6kb1Y4lE2Rg-FsNvtX_ebSfyRE","LoginType":2,"CityCode":"440600","AuthCode":"497567","Sign":"3SKIqcXlEqHU3lmbF1Yns0wmzfoEhXcHi3mMCoCzE44="}

2021-04-12 15:42:38
Response_{"RetCode":0,"Message":"success","Data":{"ImageUrl":null,"AccessToken":"QvMNexXBCDMlBMZfa0l+GtiFTGV53pmYE9xKLN3tcNyZpG5pMQ1qnR3qZx6Q2nsD","PayPswState":2,"LoginPswState":2,"isFirstLogin":0}}

2021-04-12 15:46:05
Url_http://198.98.98.161:1905/api/Users/Login

2021-04-12 15:46:05
Request_{"AppId":"2017022215330002","Nonce":1618213565,"MobilePhone":"13294134388","DeviceToken":"Agz7f_fJBt_OuUerjaNCepuVsuvT7Cgr8vuj3p","UserOpenId":"oR6kb1Y4lE2Rg-FsNvtX_ebSfyRE","LoginType":2,"CityCode":"440600","AuthCode":"646816","Sign":"sqYzPZZSEZ6ceCZc4EOf4lwex\/Rhoqh5vZDowkkS03k="}

2021-04-12 15:46:05
Response_{"RetCode":0,"Message":"success","Data":{"ImageUrl":null,"AccessToken":"1E2eGvj1VIe0Q/Txwa/E2SilikzBYDxF9UloJ0zvwM1hgydSGIur32quPH4ZTE0u","PayPswState":2,"LoginPswState":2,"isFirstLogin":0}}

2021-04-12 16:08:44
Url_http://198.98.98.161:1905/api/Users/Login

2021-04-12 16:08:44
Request_{"AppId":"2017022215330002","Nonce":1618214924,"MobilePhone":"13294134388","DeviceToken":"Agz7f_fJBt_OuUerjaNCepuVsuvT7Cgr8vuj3p","UserOpenId":"oR6kb1Y4lE2Rg-FsNvtX_ebSfyRE","LoginType":2,"CityCode":"440600","AuthCode":"728333","Sign":"eeQ5o+Fl6XfpD7oL80NSoyEWvfpzugnDp5OJRtfftBU="}

2021-04-12 16:08:45
Response_{"RetCode":0,"Message":"success","Data":{"ImageUrl":null,"AccessToken":"BikzlY5hatVQINeZiInbtRkZzLPuOsCbgMtnXVzcaL7w3wmYSYVzHyKaKV8coxMx","PayPswState":2,"LoginPswState":2,"isFirstLogin":0}}

2021-04-12 16:10:14
Url_http://198.98.98.161:1905/api/Users/Login

2021-04-12 16:10:14
Request_{"AppId":"2017022215330002","Nonce":1618215014,"MobilePhone":"13294134388","DeviceToken":"Agz7f_fJBt_OuUerjaNCepuVsuvT7Cgr8vuj3p","UserOpenId":"oR6kb1Y4lE2Rg-FsNvtX_ebSfyRE","LoginType":2,"CityCode":"440600","AuthCode":"980032","Sign":"QhB7vC8nlIZJ2N\/S32aaOERlyb441Ti3GXAnBjH+aWY="}

2021-04-12 16:10:14
Response_{"RetCode":0,"Message":"success","Data":{"ImageUrl":null,"AccessToken":"mBwfYwhpu0mIKV/lxB28v/6oz8cNvgGpwaoEWnKSL3Tr+Yu/9Ph9CnN9UdSftUzB","PayPswState":2,"LoginPswState":2,"isFirstLogin":0}}

2021-04-12 16:11:12
Url_http://198.98.98.161:1905/api/Users/Login

2021-04-12 16:11:12
Request_{"AppId":"2017022215330002","Nonce":1618215072,"MobilePhone":"13294134388","DeviceToken":"Agz7f_fJBt_OuUerjaNCepuVsuvT7Cgr8vuj3p","UserOpenId":"oR6kb1Y4lE2Rg-FsNvtX_ebSfyRE","LoginType":2,"CityCode":"440600","AuthCode":"411388","Sign":"60aUAx3q1cPa6+262F1G6BuNoTysK4qCboO1Q9B\/4HA="}

2021-04-12 16:11:12
Response_{"RetCode":0,"Message":"success","Data":{"ImageUrl":null,"AccessToken":"GoRUpXAVUI9fAUm3njO5mvYbX2CBngHKFMgt58YHWna3MYZbOSp1f0dB5iWTjDKL","PayPswState":2,"LoginPswState":2,"isFirstLogin":0}}

2021-04-12 16:12:44
Url_http://198.98.98.161:1905/api/Users/Login

2021-04-12 16:12:44
Request_{"AppId":"2017022215330002","Nonce":1618215164,"MobilePhone":"13294134388","DeviceToken":"Agz7f_fJBt_OuUerjaNCepuVsuvT7Cgr8vuj3p","UserOpenId":"oR6kb1Y4lE2Rg-FsNvtX_ebSfyRE","LoginType":2,"CityCode":"440600","AuthCode":"605713","Sign":"7q71EPWScu+WOuv+9M8q6nIv1Qh+958Uu1bdb8Grlm0="}

2021-04-12 16:12:44
Response_{"RetCode":0,"Message":"success","Data":{"ImageUrl":null,"AccessToken":"StgQCEzrsgG+c/YnQV+m52B07VlYql5dxKOuHkKwCRI+jJU1ig0UK3/ryirgquMw","PayPswState":2,"LoginPswState":2,"isFirstLogin":0}}

2021-04-12 16:13:33
Url_http://198.98.98.161:1905/api/Users/Login

2021-04-12 16:13:33
Request_{"AppId":"2017022215330002","Nonce":1618215213,"MobilePhone":"13294134388","DeviceToken":"Agz7f_fJBt_OuUerjaNCepuVsuvT7Cgr8vuj3p","UserOpenId":"oR6kb1Y4lE2Rg-FsNvtX_ebSfyRE","LoginType":2,"CityCode":"440600","AuthCode":"158849","Sign":"4VDP2CiE00CHTVRgntnQ\/HqVm9ktTTpeQphUIWumdSM="}

2021-04-12 16:13:33
Response_{"RetCode":0,"Message":"success","Data":{"ImageUrl":null,"AccessToken":"2YUOVQ8/uazULkud7YNhY31mbsmbvdnhtsAG0ab4jcvSi7DBhEFRRe2dKNBZDvNP","PayPswState":2,"LoginPswState":2,"isFirstLogin":0}}

