2021-05-27 09:32:42
Url_http://198.98.98.161:1905/api/Users/Login

2021-05-27 09:32:42
Request_{"AppId":"2017022215330002","Nonce":1622079162,"MobilePhone":"13717006624","Password":"f379eaf3c831b04de153469d1bec345e","DeviceToken":"Agz7f_fJBt_OuUerjaNCepuVsuvT7Cgr8vuj3p","UserOpenId":"oR6kb1Y4lE2Rg-FsNvtX_ebSfyRE","Sign":"9o14IcVjqL\/os5wC2C9okw6o0NGjyNHFvH7kGDXOrqE="}

2021-05-27 09:32:43
Response_{"RetCode":0,"Message":"success","Data":{"ImageUrl":null,"AccessToken":"x+vaQjN923DwIcE0JB1shWSYwVSWjt+sudY2DKLlSdWgFsashm2Z7IZ1cbJJcIUX","PayPswState":2,"LoginPswState":2,"isFirstLogin":0}}

2021-05-27 11:18:03
Url_http://198.98.98.161:1905/api/Users/Login

2021-05-27 11:18:03
Request_{"AppId":"2017022215330002","Nonce":1622085483,"MobilePhone":"13750528260","Password":"d927eb714e672203a19db6c7d43c1259","DeviceToken":"Agz7f_fJBt_OuUerjaNCepuVsuvT7Cgr8vuj3p","UserOpenId":"oR6kb1Y4lE2Rg-FsNvtX_ebSfyRE","Sign":"VWDi1FqBxftkZif6iLKqS3l54rN3yKfgyr0eFymea5s="}

2021-05-27 11:18:03
Response_{"RetCode":1005,"Message":"您输入的密码不正确","Data":{}}

2021-05-27 11:18:27
Url_http://198.98.98.161:1905/api/Users/Login

2021-05-27 11:18:27
Request_{"AppId":"2017022215330002","Nonce":1622085507,"MobilePhone":"13717006624","Password":"f379eaf3c831b04de153469d1bec345e","DeviceToken":"Agz7f_fJBt_OuUerjaNCepuVsuvT7Cgr8vuj3p","UserOpenId":"oR6kb1Y4lE2Rg-FsNvtX_ebSfyRE","Sign":"\/1b4Ha9QCregxpD\/+Hy1Zk8aMkX4KfiBUpWYDk7lv2M="}

2021-05-27 11:18:27
Response_{"RetCode":0,"Message":"success","Data":{"ImageUrl":null,"AccessToken":"jddRDuFN0iAmDwpuP20RQLsjyKVDCA1etpnzlXR8sUz22NpZtd34OJMiKmP24Dqr","PayPswState":2,"LoginPswState":2,"isFirstLogin":0}}

2021-05-27 11:22:15
Url_http://198.98.98.161:1905/api/Users/Login

2021-05-27 11:22:15
Request_{"AppId":"2017022215330002","Nonce":1622085735,"MobilePhone":"13717006624","Password":"f379eaf3c831b04de153469d1bec345e","DeviceToken":"Agz7f_fJBt_OuUerjaNCepuVsuvT7Cgr8vuj3p","UserOpenId":"oR6kb1Y4lE2Rg-FsNvtX_ebSfyRE","Sign":"bKBP6nHlPLhJUnc4P8kRFxrgoum1cc0I03Fh+yCIL24="}

2021-05-27 11:22:16
Response_{"RetCode":0,"Message":"success","Data":{"ImageUrl":null,"AccessToken":"vu8F46GY5wCm2CH0e9yiMw9iJr7lZT58xqwA+AMd83nCntKBepzARp1UeKeERgnL","PayPswState":2,"LoginPswState":2,"isFirstLogin":0}}

2021-05-27 13:56:57
Url_http://198.98.98.161:1905/api/Users/Login

2021-05-27 13:56:57
Request_{"AppId":"2017022215330002","Nonce":1622095017,"MobilePhone":"13717006624","Password":"f379eaf3c831b04de153469d1bec345e","DeviceToken":"Agz7f_fJBt_OuUerjaNCepuVsuvT7Cgr8vuj3p","UserOpenId":"oR6kb1Y4lE2Rg-FsNvtX_ebSfyRE","Sign":"vYpxl8RvY8lswt8QdnykKV52pSbaZzZ6ZsxMRdP\/Xsc="}

2021-05-27 13:56:57
Response_{"RetCode":0,"Message":"success","Data":{"ImageUrl":null,"AccessToken":"xtD2t4+sYIuZpUFeEt6wisqYjQd7FelceY8hJOJ+ZrFTxxEL1hSZ72Btnm5NlnXo","PayPswState":2,"LoginPswState":2,"isFirstLogin":0}}

2021-05-27 14:10:05
Url_http://198.98.98.161:1905/api/Users/Login

2021-05-27 14:10:05
Request_{"AppId":"2017022215330002","Nonce":1622095805,"MobilePhone":"13717006624","Password":"f379eaf3c831b04de153469d1bec345e","DeviceToken":"Agz7f_fJBt_OuUerjaNCepuVsuvT7Cgr8vuj3p","UserOpenId":"oR6kb1Y4lE2Rg-FsNvtX_ebSfyRE","Sign":"rBvGRce4tiU6bhigYjvWZYVI38fT51NxCfGbyuGsxe0="}

2021-05-27 14:10:05
Response_{"RetCode":0,"Message":"success","Data":{"ImageUrl":null,"AccessToken":"NJTjRWW5RGRl2yreDypY1E5fWNYpH0vRLXoq6tpKP0ogsASWmSo7sHdnt8iD8KXr","PayPswState":2,"LoginPswState":2,"isFirstLogin":0}}

