2021-04-09 13:37:53
Url_http://198.98.98.161:1905/api/Users/Login

2021-04-09 13:37:53
Request_{"AppId":"2017022215330002","Nonce":1617946673,"MobilePhone":"13294134388","DeviceToken":"Agz7f_fJBt_OuUerjaNCepuVsuvT7Cgr8vuj3p","UserOpenId":"oR6kb1Y4lE2Rg-FsNvtX_ebSfyRE","LoginType":2,"CityCode":"440600","AuthCode":"123456","Sign":"XlAsEBixYS\/AO+VXmBjzilb971krhPDBuOkNml5M6QU="}

2021-04-09 13:37:53
Response_{"RetCode":1001,"Message":"您输入的验证码不匹配","Data":{}}

2021-04-09 13:44:17
Url_http://198.98.98.161:1905/api/Users/Login

2021-04-09 13:44:17
Request_{"AppId":"2017022215330002","Nonce":1617947057,"MobilePhone":"13294134388","DeviceToken":"Agz7f_fJBt_OuUerjaNCepuVsuvT7Cgr8vuj3p","UserOpenId":"oR6kb1Y4lE2Rg-FsNvtX_ebSfyRE","LoginType":2,"CityCode":"440600","AuthCode":"123456","Sign":"B5PNY6xMR08vG8mblP5cO8cbfRv6R3PufyZ8tV2VwaE="}

2021-04-09 13:44:17
Response_{"RetCode":1001,"Message":"您输入的验证码不匹配","Data":{}}

2021-04-09 13:53:07
Url_http://198.98.98.161:1905/api/Users/Login

2021-04-09 13:53:07
Request_{"AppId":"2017022215330002","Nonce":1617947587,"MobilePhone":"13294134388","DeviceToken":"Agz7f_fJBt_OuUerjaNCepuVsuvT7Cgr8vuj3p","UserOpenId":"oR6kb1Y4lE2Rg-FsNvtX_ebSfyRE","LoginType":2,"CityCode":"440600","AuthCode":"123456","Sign":"woehPoxT38\/1QlzfqPrJ9Gt30p2QwG6xKoQUhWxAZ1c="}

2021-04-09 13:53:08
Response_{"RetCode":1001,"Message":"您输入的验证码不匹配","Data":{}}

2021-04-09 13:55:15
Url_http://198.98.98.161:1905/api/Users/Login

2021-04-09 13:55:15
Request_{"AppId":"2017022215330002","Nonce":1617947715,"MobilePhone":"13294134388","DeviceToken":"Agz7f_fJBt_OuUerjaNCepuVsuvT7Cgr8vuj3p","UserOpenId":"oR6kb1Y4lE2Rg-FsNvtX_ebSfyRE","LoginType":2,"CityCode":"440600","AuthCode":"123456","Sign":"TRNwymlteFruxPOj5DpvTmTIaRB8sf3MpciUs2MC2rw="}

2021-04-09 13:55:15
Response_{"RetCode":1001,"Message":"您输入的验证码不匹配","Data":{}}

2021-04-09 13:58:21
Url_http://198.98.98.161:1905/api/Users/Login

2021-04-09 13:58:21
Request_{"AppId":"2017022215330002","Nonce":1617947901,"MobilePhone":"13294134388","DeviceToken":"Agz7f_fJBt_OuUerjaNCepuVsuvT7Cgr8vuj3p","UserOpenId":"oR6kb1Y4lE2Rg-FsNvtX_ebSfyRE","LoginType":2,"CityCode":"440600","AuthCode":"123456","Sign":"+mxXcV0EujsnDcx7N9KSIgr2SbiSJ9qqb5BxQ9RMPng="}

2021-04-09 13:58:21
Response_{"RetCode":1001,"Message":"您输入的验证码不匹配","Data":{}}

2021-04-09 13:58:57
Url_http://198.98.98.161:1905/api/Users/Login

2021-04-09 13:58:57
Request_{"AppId":"2017022215330002","Nonce":1617947937,"MobilePhone":"13294134388","DeviceToken":"Agz7f_fJBt_OuUerjaNCepuVsuvT7Cgr8vuj3p","UserOpenId":"oR6kb1Y4lE2Rg-FsNvtX_ebSfyRE","LoginType":2,"CityCode":"440600","AuthCode":"123456","Sign":"KldVCIrUNO4yIWuIHj7tzqrg7X5BlU76+O7UPa7uITM="}

2021-04-09 13:58:57
Response_{"RetCode":1001,"Message":"您输入的验证码不匹配","Data":{}}

2021-04-09 13:59:01
Url_http://198.98.98.161:1905/api/Users/Login

2021-04-09 13:59:01
Request_{"AppId":"2017022215330002","Nonce":1617947941,"MobilePhone":"13294134388","DeviceToken":"Agz7f_fJBt_OuUerjaNCepuVsuvT7Cgr8vuj3p","UserOpenId":"oR6kb1Y4lE2Rg-FsNvtX_ebSfyRE","LoginType":2,"CityCode":"440600","AuthCode":"123456","Sign":"1mzy6wZb0h3cxRK1usq2ARoDRdmyAviW4gDlELVVKXs="}

2021-04-09 13:59:01
Response_{"RetCode":1001,"Message":"您输入的验证码不匹配","Data":{}}

2021-04-09 13:59:40
Url_http://198.98.98.161:1905/api/Users/Login

2021-04-09 13:59:40
Request_{"AppId":"2017022215330002","Nonce":1617947980,"MobilePhone":"13294134388","DeviceToken":"Agz7f_fJBt_OuUerjaNCepuVsuvT7Cgr8vuj3p","UserOpenId":"oR6kb1Y4lE2Rg-FsNvtX_ebSfyRE","LoginType":2,"CityCode":"440600","AuthCode":"123456","Sign":"UN0+jhssuozKy8f4ujBEZN8gfBwNBX6qTXAprDpMxCQ="}

2021-04-09 13:59:40
Response_{"RetCode":1001,"Message":"您输入的验证码不匹配","Data":{}}

2021-04-09 14:04:06
Url_http://198.98.98.161:1905/api/Users/Login

2021-04-09 14:04:06
Request_{"AppId":"2017022215330002","Nonce":1617948246,"MobilePhone":"13294134388","DeviceToken":"Agz7f_fJBt_OuUerjaNCepuVsuvT7Cgr8vuj3p","UserOpenId":"oR6kb1Y4lE2Rg-FsNvtX_ebSfyRE","LoginType":2,"CityCode":"440600","AuthCode":"123456","Sign":"z9JLRJepozii0nQIrL7hLmgi7HbCTPqKb9e7TVXi5OE="}

2021-04-09 14:04:06
Response_{"RetCode":1001,"Message":"您输入的验证码不匹配","Data":{}}

2021-04-09 14:04:50
Url_http://198.98.98.161:1905/api/Users/Login

2021-04-09 14:04:50
Request_{"AppId":"2017022215330002","Nonce":1617948290,"MobilePhone":"13294134388","DeviceToken":"Agz7f_fJBt_OuUerjaNCepuVsuvT7Cgr8vuj3p","UserOpenId":"oR6kb1Y4lE2Rg-FsNvtX_ebSfyRE","LoginType":2,"CityCode":"440600","AuthCode":"123456","Sign":"4phGPBJCKw1AF+h6AKwanosvlaBJxkDE\/yH+G1ZRkOQ="}

2021-04-09 14:04:50
Response_{"RetCode":1001,"Message":"您输入的验证码不匹配","Data":{}}

2021-04-09 14:04:55
Url_http://198.98.98.161:1905/api/Users/Login

2021-04-09 14:04:55
Request_{"AppId":"2017022215330002","Nonce":1617948295,"MobilePhone":"13294134388","DeviceToken":"Agz7f_fJBt_OuUerjaNCepuVsuvT7Cgr8vuj3p","UserOpenId":"oR6kb1Y4lE2Rg-FsNvtX_ebSfyRE","LoginType":2,"CityCode":"440600","AuthCode":"123456","Sign":"g7pt04sH6XvrRcjvxkRC5XKyF\/XzjT22aKyjzY5HrZM="}

2021-04-09 14:04:55
Response_{"RetCode":1001,"Message":"您输入的验证码不匹配","Data":{}}

2021-04-09 14:04:57
Url_http://198.98.98.161:1905/api/Users/Login

2021-04-09 14:04:57
Request_{"AppId":"2017022215330002","Nonce":1617948297,"MobilePhone":"13294134388","DeviceToken":"Agz7f_fJBt_OuUerjaNCepuVsuvT7Cgr8vuj3p","UserOpenId":"oR6kb1Y4lE2Rg-FsNvtX_ebSfyRE","LoginType":2,"CityCode":"440600","AuthCode":"123456","Sign":"zTMHQkQaVgXQHg28zuydPpARfJTk\/hD3QofmACF1jaE="}

2021-04-09 14:04:57
Response_{"RetCode":1001,"Message":"您输入的验证码不匹配","Data":{}}

2021-04-09 14:06:14
Url_http://198.98.98.161:1905/api/Users/Login

2021-04-09 14:06:14
Request_{"AppId":"2017022215330002","Nonce":1617948374,"MobilePhone":"13294134388","DeviceToken":"Agz7f_fJBt_OuUerjaNCepuVsuvT7Cgr8vuj3p","UserOpenId":"oR6kb1Y4lE2Rg-FsNvtX_ebSfyRE","LoginType":2,"CityCode":"440600","AuthCode":"123456","Sign":"AK9Qz7rjQPUY8qj1yafELdU2v95jl3MASmpc9wmEBzk="}

2021-04-09 14:06:14
Response_{"RetCode":1001,"Message":"您输入的验证码不匹配","Data":{}}

2021-04-09 14:06:28
Url_http://198.98.98.161:1905/api/Users/Login

2021-04-09 14:06:28
Request_{"AppId":"2017022215330002","Nonce":1617948388,"MobilePhone":"13294134388","DeviceToken":"Agz7f_fJBt_OuUerjaNCepuVsuvT7Cgr8vuj3p","UserOpenId":"oR6kb1Y4lE2Rg-FsNvtX_ebSfyRE","LoginType":2,"CityCode":"440600","AuthCode":"123456","Sign":"BvutpdbRfUZj4d7My17n2\/ioRc4nGNPv8xV3eSkMvAQ="}

2021-04-09 14:06:28
Response_{"RetCode":1001,"Message":"您输入的验证码不匹配","Data":{}}

2021-04-09 14:09:12
Url_http://198.98.98.161:1905/api/Users/Login

2021-04-09 14:09:12
Request_{"AppId":"2017022215330002","Nonce":1617948552,"MobilePhone":"13294134388","DeviceToken":"Agz7f_fJBt_OuUerjaNCepuVsuvT7Cgr8vuj3p","UserOpenId":"oR6kb1Y4lE2Rg-FsNvtX_ebSfyRE","LoginType":2,"CityCode":"440600","AuthCode":"123456","Sign":"sPIGlP+XfCB5meHW1H6xg4dE16LWUmXOa3y3B7N5ttk="}

2021-04-09 14:09:12
Response_{"RetCode":1001,"Message":"您输入的验证码不匹配","Data":{}}

2021-04-09 14:14:51
Url_http://198.98.98.161:1905/api/Users/Login

2021-04-09 14:14:51
Request_{"AppId":"2017022215330002","Nonce":1617948891,"MobilePhone":"13294134388","DeviceToken":"Agz7f_fJBt_OuUerjaNCepuVsuvT7Cgr8vuj3p","UserOpenId":"oR6kb1Y4lE2Rg-FsNvtX_ebSfyRE","LoginType":2,"CityCode":"440600","AuthCode":"123456","Sign":"04jaEfGs4z7R20w+3OprySDAgiUpHNW2lIcM1QDhfc0="}

2021-04-09 14:14:51
Response_{"RetCode":1001,"Message":"您输入的验证码不匹配","Data":{}}

2021-04-09 14:41:44
Url_http://198.98.98.161:1905/api/Users/Login

2021-04-09 14:41:44
Request_{"AppId":"2017022215330002","Nonce":1617950504,"MobilePhone":"13294134388","DeviceToken":"Agz7f_fJBt_OuUerjaNCepuVsuvT7Cgr8vuj3p","UserOpenId":"oR6kb1Y4lE2Rg-FsNvtX_ebSfyRE","LoginType":2,"CityCode":"440600","AuthCode":"991510","Sign":"YN9CfJMEpnmDviqnSb\/hLFgB8irsTr1VriA32oiyYMU="}

2021-04-09 14:41:45
Response_{"RetCode":0,"Message":"success","Data":{"AccessToken":"o4n+jFRQ6T8Gez1/Cf8zaIxHlkP3m5ZtUoXFwcggSJofJrt+RXuPGh31AgFpIxuu","PayPswState":2,"LoginPswState":2,"ImageUrl":null,"EquipmentState":0,"isFirstLogin":1}}

