2021-04-09 17:08:27
Url_/api/Users/Login

2021-04-09 17:08:27
Request_{"AppId":"2017022215330002","Nonce":1617959307,"MobilePhone":"13294134388","Password":"e10adc3949ba59abbe56e057f20f883e","DeviceToken":"Agz7f_fJBt_OuUerjaNCepuVsuvT7Cgr8vuj3p","UserOpenId":"oR6kb1Y4lE2Rg-FsNvtX_ebSfyRE","Sign":"NYxjk8PfN49FSdfuXb1SXlgwhHkmeD3LfnwrhsnfqWY="}

2021-04-09 17:08:27
Response_

2021-04-09 17:09:49
Url_http://198.98.98.161:1905/api/Users/Login

2021-04-09 17:09:49
Request_{"AppId":"2017022215330002","Nonce":1617959389,"MobilePhone":"13294134388","Password":"e10adc3949ba59abbe56e057f20f883e","DeviceToken":"Agz7f_fJBt_OuUerjaNCepuVsuvT7Cgr8vuj3p","UserOpenId":"oR6kb1Y4lE2Rg-FsNvtX_ebSfyRE","Sign":"aQ66mKd++BKzZ9kVf0+j6lNiXQ0XlgyHrbeiqdcO338="}

2021-04-09 17:09:54
Response_{"RetCode":1005,"Message":"您输入的密码不正确","Data":{}}

2021-04-09 17:11:55
Url_http://198.98.98.161:1905/api/Users/Login

2021-04-09 17:11:55
Request_{"AppId":"2017022215330002","Nonce":1617959515,"MobilePhone":"13294134388","Password":"e10adc3949ba59abbe56e057f20f883e","DeviceToken":"Agz7f_fJBt_OuUerjaNCepuVsuvT7Cgr8vuj3p","UserOpenId":"oR6kb1Y4lE2Rg-FsNvtX_ebSfyRE","Sign":"dv2CDymhfQVTDyCedGkZ3aLhCVv5wvZzuygfZE7mgH4="}

2021-04-09 17:11:55
Response_{"RetCode":1005,"Message":"您输入的密码不正确","Data":{}}

2021-04-09 17:14:41
Url_http://198.98.98.161:1905/api/Users/Login

2021-04-09 17:14:41
Request_{"AppId":"2017022215330002","Nonce":1617959681,"MobilePhone":"13294134388","Password":"f379eaf3c831b04de153469d1bec345e","DeviceToken":"Agz7f_fJBt_OuUerjaNCepuVsuvT7Cgr8vuj3p","UserOpenId":"oR6kb1Y4lE2Rg-FsNvtX_ebSfyRE","Sign":"2skrMsuAbjHmGQJNwu4VV\/eKRmO8JQEXJmGQfz8bupQ="}

2021-04-09 17:14:41
Response_{"RetCode":1005,"Message":"您输入的密码不正确","Data":{}}

2021-04-09 17:14:47
Url_http://198.98.98.161:1905/api/Users/Login

2021-04-09 17:14:47
Request_{"AppId":"2017022215330002","Nonce":1617959687,"MobilePhone":"13294134388","Password":"e10adc3949ba59abbe56e057f20f883e","DeviceToken":"Agz7f_fJBt_OuUerjaNCepuVsuvT7Cgr8vuj3p","UserOpenId":"oR6kb1Y4lE2Rg-FsNvtX_ebSfyRE","Sign":"X\/jH+Xr9\/kjlqCPDWqIzgfutc+8G3jauMNjgrwHffWw="}

2021-04-09 17:14:48
Response_{"RetCode":1005,"Message":"您输入的密码不正确","Data":{}}

2021-04-09 17:14:54
Url_http://198.98.98.161:1905/api/Users/Login

2021-04-09 17:14:54
Request_{"AppId":"2017022215330002","Nonce":1617959694,"MobilePhone":"13294134388","Password":"f379eaf3c831b04de153469d1bec345e","DeviceToken":"Agz7f_fJBt_OuUerjaNCepuVsuvT7Cgr8vuj3p","UserOpenId":"oR6kb1Y4lE2Rg-FsNvtX_ebSfyRE","Sign":"+2VljVcDINLcDJFFDDnzXRGA+8rZMIClTQSHxCBUiAk="}

2021-04-09 17:14:54
Response_{"RetCode":1005,"Message":"您输入的密码不正确","Data":{}}

2021-04-09 17:17:15
Url_http://198.98.98.161:1905/api/Users/Login

2021-04-09 17:17:15
Request_{"AppId":"2017022215330002","Nonce":1617959835,"MobilePhone":"13294134388","Password":"e10adc3949ba59abbe56e057f20f883e","DeviceToken":"Agz7f_fJBt_OuUerjaNCepuVsuvT7Cgr8vuj3p","UserOpenId":"oR6kb1Y4lE2Rg-FsNvtX_ebSfyRE","Sign":"ha+c2g3gx+6hsw298BYKQ8A9babBYEu7sQo6eERi\/vA="}

2021-04-09 17:17:15
Response_{"RetCode":1005,"Message":"您输入的密码不正确","Data":{}}

2021-04-09 17:18:40
Url_http://198.98.98.161:1905/api/Users/Login

2021-04-09 17:18:40
Request_{"AppId":"2017022215330002","Nonce":1617959920,"MobilePhone":"13717006624","Password":"f379eaf3c831b04de153469d1bec345e","DeviceToken":"Agz7f_fJBt_OuUerjaNCepuVsuvT7Cgr8vuj3p","UserOpenId":"oR6kb1Y4lE2Rg-FsNvtX_ebSfyRE","Sign":"luUOATIS4KBsrEpTM\/hztBcFIkGvLRBXHpaAxNjLXds="}

2021-04-09 17:18:41
Response_{"RetCode":0,"Message":"success","Data":{"ImageUrl":null,"AccessToken":"wymuRs8mgXZqL9AXGAXSKgOzFqfsu5O5kgdKYlgTGtp/iwincUOibefBkiujnnyT","PayPswState":2,"LoginPswState":2,"isFirstLogin":0}}

2021-04-09 17:23:13
Url_http://198.98.98.161:1905/api/Users/Login

2021-04-09 17:23:13
Request_{"AppId":"2017022215330002","Nonce":1617960193,"MobilePhone":"13294134388","Password":"f379eaf3c831b04de153469d1bec345e","DeviceToken":"Agz7f_fJBt_OuUerjaNCepuVsuvT7Cgr8vuj3p","UserOpenId":"oR6kb1Y4lE2Rg-FsNvtX_ebSfyRE","Sign":"mNc8Sxfvx2GzxZ3wDf+YJ2ptds1vEa8G2tmXLVARYDE="}

2021-04-09 17:23:15
Response_{"RetCode":1005,"Message":"您输入的密码不正确","Data":{}}

2021-04-09 17:23:41
Url_http://198.98.98.161:1905/api/Users/Login

2021-04-09 17:23:41
Request_{"AppId":"2017022215330002","Nonce":1617960221,"MobilePhone":"13294134388","Password":"e10adc3949ba59abbe56e057f20f883e","DeviceToken":"Agz7f_fJBt_OuUerjaNCepuVsuvT7Cgr8vuj3p","UserOpenId":"oR6kb1Y4lE2Rg-FsNvtX_ebSfyRE","Sign":"Ofcan+hvZVcqGmxvEoFBK4f96IuyNQCxh6Zm2W+11ss="}

2021-04-09 17:23:41
Response_{"RetCode":1005,"Message":"您输入的密码不正确","Data":{}}

2021-04-09 17:26:14
Url_http://198.98.98.161:1905/api/Users/Login

2021-04-09 17:26:14
Request_{"AppId":"2017022215330002","Nonce":1617960374,"MobilePhone":"13294134388","Password":"e10adc3949ba59abbe56e057f20f883e","DeviceToken":"Agz7f_fJBt_OuUerjaNCepuVsuvT7Cgr8vuj3p","UserOpenId":"oR6kb1Y4lE2Rg-FsNvtX_ebSfyRE","Sign":"jsSVpOYccqsetpp5a36lDqh6bUKVZzjJMpI9WY4UAP4="}

2021-04-09 17:26:14
Response_{"RetCode":1005,"Message":"您输入的密码不正确","Data":{}}

2021-04-09 17:30:26
Url_http://198.98.98.161:1905/api/Users/Login

2021-04-09 17:30:26
Request_{"AppId":"2017022215330002","Nonce":1617960626,"MobilePhone":"13294134388","Password":"f379eaf3c831b04de153469d1bec345e","DeviceToken":"Agz7f_fJBt_OuUerjaNCepuVsuvT7Cgr8vuj3p","UserOpenId":"oR6kb1Y4lE2Rg-FsNvtX_ebSfyRE","Sign":"E9c\/fKXnMI1hrbvAHpLjxSECWf4uW3r2A7vZ4rg78IY="}

2021-04-09 17:30:26
Response_{"RetCode":1005,"Message":"您输入的密码不正确","Data":{}}

2021-04-09 17:30:40
Url_http://198.98.98.161:1905/api/Users/Login

2021-04-09 17:30:40
Request_{"AppId":"2017022215330002","Nonce":1617960640,"MobilePhone":"13294134388","Password":"f379eaf3c831b04de153469d1bec345e","DeviceToken":"Agz7f_fJBt_OuUerjaNCepuVsuvT7Cgr8vuj3p","UserOpenId":"oR6kb1Y4lE2Rg-FsNvtX_ebSfyRE","Sign":"E2GuXF+LLcbmcorwzGWEvQHfT0PSI2VGhkAC\/VotXb8="}

2021-04-09 17:30:40
Response_{"RetCode":1005,"Message":"您输入的密码不正确","Data":{}}

