2021-05-26 14:12:02
Url_http://198.98.98.161:1905/api/Accounts/OrderList

2021-05-26 14:12:02
Request_{"AppId":"2017022215330002","AccessToken":"bYhm7qLwLGjhUA26valbuacD5a8uw+0EKukDeOri2c4znyrANm7ccNpvXUeicsO2","Nonce":1622009522,"LastId":0,"Sign":"cmOfRMA0uNvt\/QGRDjbKP6HC7VPq9mmr1CVazkGCW2A="}

2021-05-26 14:12:02
Response_{"RetCode":4,"Message":"没有你合适的信息，请重新获取！, ","Data":{}}

2021-05-26 14:22:35
Url_http://198.98.98.161:1905/api/Accounts/OrderList

2021-05-26 14:22:35
Request_{"AppId":"2017022215330002","AccessToken":"bYhm7qLwLGjhUA26valbuacD5a8uw+0EKukDeOri2c4znyrANm7ccNpvXUeicsO2","Nonce":1622010155,"LastId":0,"Sign":"rIFAwMsvimVwEBHoVww4ZT4DCqnlaHGINjCaWAo1BGY="}

2021-05-26 14:22:35
Response_{"RetCode":4,"Message":"没有你合适的信息，请重新获取！, ","Data":{}}

2021-05-26 14:53:21
Url_http://198.98.98.161:1905/api/Accounts/OrderList

2021-05-26 14:53:21
Request_{"AppId":"2017022215330002","AccessToken":"bYhm7qLwLGjhUA26valbuacD5a8uw+0EKukDeOri2c4znyrANm7ccNpvXUeicsO2","Nonce":1622012001,"LastId":0,"Sign":"+b5sLN\/x1PM69D7GbVMUmxeyditpgaABpvzVQjw\/QsI="}

2021-05-26 14:53:25
Response_{"RetCode":4,"Message":"没有你合适的信息，请重新获取！, ","Data":{}}

2021-05-26 15:02:20
Url_http://198.98.98.161:1905/api/Accounts/OrderList

2021-05-26 15:02:20
Request_{"AppId":"2017022215330002","AccessToken":"bYhm7qLwLGjhUA26valbuacD5a8uw+0EKukDeOri2c4znyrANm7ccNpvXUeicsO2","Nonce":1622012540,"LastId":0,"Sign":"Xi7sxkqifqYxbEVLPVlR42aGCwNiYxMHTdaAC1PFTCQ="}

2021-05-26 15:02:21
Response_{"RetCode":4,"Message":"没有你合适的信息，请重新获取！, ","Data":{}}

2021-05-26 15:02:21
Url_http://198.98.98.161:1905/api/Accounts/OrderList

2021-05-26 15:02:21
Request_{"AppId":"2017022215330002","AccessToken":"bYhm7qLwLGjhUA26valbuacD5a8uw+0EKukDeOri2c4znyrANm7ccNpvXUeicsO2","Nonce":1622012540,"pageSize":9999,"lastID":0,"CityCode":"440600","BargainOrderType":"0","Sign":"ZjYtt7lmAJ4uRHqVukfpJ7M0yt7hPWLp+GgEmb94zi0="}

2021-05-26 15:02:21
Response_{"RetCode":4,"Message":"没有你合适的信息，请重新获取！, ","Data":{}}

2021-05-26 15:02:21
Url_http://198.98.98.161:1905/api/Parkings/GetParkHistoryOrderList

2021-05-26 15:02:21
Request_{"AppId":"2017022215330002","AccessToken":"bYhm7qLwLGjhUA26valbuacD5a8uw+0EKukDeOri2c4znyrANm7ccNpvXUeicsO2","Nonce":1622012540,"pageSize":9999,"lastID":0,"CityCode":"440600","BargainOrderType":"1","Sign":"8dkFt+kBN3ctwmLX3dl+EaeVoNyAw2r\/z0fAP3S3pL4="}

2021-05-26 15:02:22
Response_{"RetCode":4,"Message":"没有你合适的信息，请重新获取！, ","Data":{}}

2021-05-26 16:52:55
Url_http://198.98.98.161:1905/api/Accounts/OrderList

2021-05-26 16:52:55
Request_{"AppId":"2017022215330002","AccessToken":"bYhm7qLwLGjhUA26valbuacD5a8uw+0EKukDeOri2c4znyrANm7ccNpvXUeicsO2","Nonce":1622019175,"LastId":0,"Sign":"bzP6xDGNaT5R0ZN7R2dAZOt7McUX4Sl9znvSz\/wwpKk="}

2021-05-26 16:52:55
Response_{"RetCode":4,"Message":"没有你合适的信息，请重新获取！, ","Data":{}}

2021-05-26 16:52:55
Url_http://198.98.98.161:1905/api/Accounts/OrderList

2021-05-26 16:52:55
Request_{"AppId":"2017022215330002","AccessToken":"bYhm7qLwLGjhUA26valbuacD5a8uw+0EKukDeOri2c4znyrANm7ccNpvXUeicsO2","Nonce":1622019175,"pageSize":9999,"lastID":0,"CityCode":"440600","BargainOrderType":"0","Sign":"tChnIWlLqTxjqws7qmonhaXez5sSEjykevM\/p8CG0Yc="}

2021-05-26 16:52:55
Response_{"RetCode":4,"Message":"没有你合适的信息，请重新获取！, ","Data":{}}

2021-05-26 16:52:55
Url_http://198.98.98.161:1905/api/Parkings/GetParkHistoryOrderList

2021-05-26 16:52:55
Request_{"AppId":"2017022215330002","AccessToken":"bYhm7qLwLGjhUA26valbuacD5a8uw+0EKukDeOri2c4znyrANm7ccNpvXUeicsO2","Nonce":1622019175,"pageSize":9999,"lastID":0,"CityCode":"440600","BargainOrderType":"1","Sign":"MZnKdwVSibtEM3kN5sAiAzKo5JMIi5+cN6ZGtDPnwTY="}

2021-05-26 16:52:55
Response_{"RetCode":4,"Message":"没有你合适的信息，请重新获取！, ","Data":{}}

2021-05-26 16:57:51
Url_http://198.98.98.161:1905/api/Accounts/OrderList

2021-05-26 16:57:51
Request_{"AppId":"2017022215330002","AccessToken":"bYhm7qLwLGjhUA26valbuacD5a8uw+0EKukDeOri2c4znyrANm7ccNpvXUeicsO2","Nonce":1622019471,"LastId":0,"Sign":"L+IY\/foT4XFbGWyFMqqya53IP2GsAklgp106r5QoV00="}

2021-05-26 16:57:51
Response_{"RetCode":4,"Message":"没有你合适的信息，请重新获取！, ","Data":{}}

2021-05-26 16:57:51
Url_http://198.98.98.161:1905/api/Accounts/OrderList

2021-05-26 16:57:51
Request_{"AppId":"2017022215330002","AccessToken":"bYhm7qLwLGjhUA26valbuacD5a8uw+0EKukDeOri2c4znyrANm7ccNpvXUeicsO2","Nonce":1622019471,"pageSize":9999,"lastID":0,"CityCode":"440600","BargainOrderType":"0","Sign":"\/bYiRRv\/naUiRmcik+ks7fQi19ZBA6OnYmvMlFb2+r4="}

2021-05-26 16:57:51
Response_{"RetCode":4,"Message":"没有你合适的信息，请重新获取！, ","Data":{}}

2021-05-26 16:57:51
Url_http://198.98.98.161:1905/api/Parkings/GetParkHistoryOrderList

2021-05-26 16:57:51
Request_{"AppId":"2017022215330002","AccessToken":"bYhm7qLwLGjhUA26valbuacD5a8uw+0EKukDeOri2c4znyrANm7ccNpvXUeicsO2","Nonce":1622019471,"pageSize":9999,"lastID":0,"CityCode":"440600","BargainOrderType":"1","Sign":"vjLYYhi02LpU7gn3jJlyzgnwwPmVSt2\/J6NJ0gwc3u4="}

2021-05-26 16:57:51
Response_{"RetCode":4,"Message":"没有你合适的信息，请重新获取！, ","Data":{}}

2021-05-26 16:57:54
Url_http://198.98.98.161:1905/api/Accounts/OrderList

2021-05-26 16:57:54
Request_{"AppId":"2017022215330002","AccessToken":"bYhm7qLwLGjhUA26valbuacD5a8uw+0EKukDeOri2c4znyrANm7ccNpvXUeicsO2","Nonce":1622019474,"LastId":0,"Sign":"J5xUWJkjprafFMg6vUFAvBzf7o5NZFhJyWPvN861h5g="}

2021-05-26 16:57:55
Response_{"RetCode":4,"Message":"没有你合适的信息，请重新获取！, ","Data":{}}

2021-05-26 16:57:55
Url_http://198.98.98.161:1905/api/Accounts/OrderList

2021-05-26 16:57:55
Request_{"AppId":"2017022215330002","AccessToken":"bYhm7qLwLGjhUA26valbuacD5a8uw+0EKukDeOri2c4znyrANm7ccNpvXUeicsO2","Nonce":1622019474,"pageSize":9999,"lastID":0,"CityCode":"440600","BargainOrderType":"0","Sign":"NdyjZWsvjOc3aVFcmqSYup9p59zf9xBH2ErmkOkkjxc="}

2021-05-26 16:57:55
Response_{"RetCode":4,"Message":"没有你合适的信息，请重新获取！, ","Data":{}}

2021-05-26 16:57:55
Url_http://198.98.98.161:1905/api/Parkings/GetParkHistoryOrderList

2021-05-26 16:57:55
Request_{"AppId":"2017022215330002","AccessToken":"bYhm7qLwLGjhUA26valbuacD5a8uw+0EKukDeOri2c4znyrANm7ccNpvXUeicsO2","Nonce":1622019474,"pageSize":9999,"lastID":0,"CityCode":"440600","BargainOrderType":"1","Sign":"52dkZZJojcVBS\/zdUtqJ3l1fc6S1\/0vAlH+aAdmDkOs="}

2021-05-26 16:57:55
Response_{"RetCode":4,"Message":"没有你合适的信息，请重新获取！, ","Data":{}}

2021-05-26 16:58:30
Url_http://198.98.98.161:1905/api/Accounts/OrderList

2021-05-26 16:58:30
Request_{"AppId":"2017022215330002","AccessToken":"bYhm7qLwLGjhUA26valbuacD5a8uw+0EKukDeOri2c4znyrANm7ccNpvXUeicsO2","Nonce":1622019510,"LastId":0,"Sign":"kieuiIxolyO6KYV3obqHhitufxA8RvqHRA7DR9RFCsk="}

2021-05-26 16:58:30
Response_{"RetCode":4,"Message":"没有你合适的信息，请重新获取！, ","Data":{}}

2021-05-26 16:58:30
Url_http://198.98.98.161:1905/api/Accounts/OrderList

2021-05-26 16:58:30
Request_{"AppId":"2017022215330002","AccessToken":"bYhm7qLwLGjhUA26valbuacD5a8uw+0EKukDeOri2c4znyrANm7ccNpvXUeicsO2","Nonce":1622019510,"pageSize":9999,"lastID":0,"CityCode":"440600","BargainOrderType":"0","Sign":"n\/4FZPV+ltpNqD9onmWuihEQoVKNLY68elNi+majVkg="}

2021-05-26 16:58:30
Response_{"RetCode":4,"Message":"没有你合适的信息，请重新获取！, ","Data":{}}

2021-05-26 16:58:43
Url_http://198.98.98.161:1905/api/Accounts/OrderList

2021-05-26 16:58:43
Request_{"AppId":"2017022215330002","AccessToken":"bYhm7qLwLGjhUA26valbuacD5a8uw+0EKukDeOri2c4znyrANm7ccNpvXUeicsO2","Nonce":1622019523,"LastId":0,"Sign":"3rdde8bKtJrwgzgVATnweE5AA2SkH\/ODO12WCJ8tIbQ="}

2021-05-26 16:58:43
Response_{"RetCode":4,"Message":"没有你合适的信息，请重新获取！, ","Data":{}}

2021-05-26 16:58:43
Url_http://198.98.98.161:1905/api/Accounts/OrderList

2021-05-26 16:58:43
Request_{"AppId":"2017022215330002","AccessToken":"bYhm7qLwLGjhUA26valbuacD5a8uw+0EKukDeOri2c4znyrANm7ccNpvXUeicsO2","Nonce":1622019523,"pageSize":9999,"lastID":0,"CityCode":"440600","BargainOrderType":"0","Sign":"tooh2UAOOLuW8dx9iY86wyYqlWp4TwcmOo9LMq9ByBU="}

2021-05-26 16:58:43
Response_{"RetCode":4,"Message":"没有你合适的信息，请重新获取！, ","Data":{}}

2021-05-26 16:58:43
Url_http://198.98.98.161:1905/api/Parkings/GetParkHistoryOrderList

2021-05-26 16:58:43
Request_{"AppId":"2017022215330002","AccessToken":"bYhm7qLwLGjhUA26valbuacD5a8uw+0EKukDeOri2c4znyrANm7ccNpvXUeicsO2","Nonce":1622019523,"pageSize":9999,"lastID":0,"CityCode":"440600","BargainOrderType":"1","Sign":"x6Wcfi9rq+PgHWYR3cGkUA7F3z5yrg4QtcBaHa4OXgw="}

2021-05-26 16:58:43
Response_{"RetCode":4,"Message":"没有你合适的信息，请重新获取！, ","Data":{}}

2021-05-26 16:59:02
Url_http://198.98.98.161:1905/api/Accounts/OrderList

2021-05-26 16:59:02
Request_{"AppId":"2017022215330002","AccessToken":"bYhm7qLwLGjhUA26valbuacD5a8uw+0EKukDeOri2c4znyrANm7ccNpvXUeicsO2","Nonce":1622019542,"LastId":0,"Sign":"Ik8k68gG+7ebyPfc51gIeiad0qDCCtKHBnoAffkKhjs="}

2021-05-26 16:59:02
Response_{"RetCode":4,"Message":"没有你合适的信息，请重新获取！, ","Data":{}}

2021-05-26 16:59:02
Url_http://198.98.98.161:1905/api/Accounts/OrderList

2021-05-26 16:59:02
Request_{"AppId":"2017022215330002","AccessToken":"bYhm7qLwLGjhUA26valbuacD5a8uw+0EKukDeOri2c4znyrANm7ccNpvXUeicsO2","Nonce":1622019542,"pageSize":9999,"lastID":0,"CityCode":"440600","BargainOrderType":"0","Sign":"iO52zbDREM7coIOGamhN6HafUqfSter42VGWK3qWZcc="}

2021-05-26 16:59:02
Response_{"RetCode":4,"Message":"没有你合适的信息，请重新获取！, ","Data":{}}

2021-05-26 16:59:02
Url_http://198.98.98.161:1905/api/Parkings/GetParkHistoryOrderList

2021-05-26 16:59:02
Request_{"AppId":"2017022215330002","AccessToken":"bYhm7qLwLGjhUA26valbuacD5a8uw+0EKukDeOri2c4znyrANm7ccNpvXUeicsO2","Nonce":1622019542,"pageSize":9999,"lastID":0,"CityCode":"440600","BargainOrderType":"1","Sign":"rTJbYlM5FvvVpAd+Ptj2LjftfIlZDWzL0oVJfFxGd4s="}

2021-05-26 16:59:02
Response_{"RetCode":4,"Message":"没有你合适的信息，请重新获取！, ","Data":{}}

2021-05-26 17:00:27
Url_http://198.98.98.161:1905/api/Accounts/OrderList

2021-05-26 17:00:27
Request_{"AppId":"2017022215330002","AccessToken":"bYhm7qLwLGjhUA26valbuacD5a8uw+0EKukDeOri2c4znyrANm7ccNpvXUeicsO2","Nonce":1622019627,"LastId":0,"Sign":"g5v4NKa32dSDggyWUH5BPNrGHXGiMEcccYFBxh33vU8="}

2021-05-26 17:00:27
Response_{"RetCode":4,"Message":"没有你合适的信息，请重新获取！, ","Data":{}}

2021-05-26 17:00:27
Url_http://198.98.98.161:1905/api/Accounts/OrderList

2021-05-26 17:00:27
Request_{"AppId":"2017022215330002","AccessToken":"bYhm7qLwLGjhUA26valbuacD5a8uw+0EKukDeOri2c4znyrANm7ccNpvXUeicsO2","Nonce":1622019627,"pageSize":9999,"lastID":0,"CityCode":"440600","BargainOrderType":"0","Sign":"HonBgFqQL5Hacx99wOIGZP2tjGTOCWx0MuEL91tcH50="}

2021-05-26 17:00:27
Response_{"RetCode":4,"Message":"没有你合适的信息，请重新获取！, ","Data":{}}

2021-05-26 17:00:27
Url_http://198.98.98.161:1905/api/Parkings/GetParkHistoryOrderList

2021-05-26 17:00:27
Request_{"AppId":"2017022215330002","AccessToken":"bYhm7qLwLGjhUA26valbuacD5a8uw+0EKukDeOri2c4znyrANm7ccNpvXUeicsO2","Nonce":1622019627,"pageSize":9999,"lastID":0,"CityCode":"440600","BargainOrderType":"1","Sign":"YR6AF+nZKIhCCFZLBoDlg5swrzPVIVOWdTQpQhyAzR4="}

2021-05-26 17:00:27
Response_{"RetCode":4,"Message":"没有你合适的信息，请重新获取！, ","Data":{}}

2021-05-26 17:05:02
Url_http://198.98.98.161:1905/api/Accounts/OrderList

2021-05-26 17:05:02
Request_{"AppId":"2017022215330002","AccessToken":"bYhm7qLwLGjhUA26valbuacD5a8uw+0EKukDeOri2c4znyrANm7ccNpvXUeicsO2","Nonce":1622019902,"LastId":0,"Sign":"YFPsQ00XV8hx1Nb3jDBUFxeDQ7Pqd75xpRa\/ITVmX4w="}

2021-05-26 17:05:02
Response_{"RetCode":4,"Message":"没有你合适的信息，请重新获取！, ","Data":{}}

2021-05-26 17:05:02
Url_http://198.98.98.161:1905/api/Accounts/OrderList

2021-05-26 17:05:02
Request_{"AppId":"2017022215330002","AccessToken":"bYhm7qLwLGjhUA26valbuacD5a8uw+0EKukDeOri2c4znyrANm7ccNpvXUeicsO2","Nonce":1622019902,"pageSize":9999,"lastID":0,"CityCode":"440600","BargainOrderType":"0","Sign":"LhdvFmenj8w4K34aIazn0JSrtHou\/NYZ8Sn4yttKzf0="}

2021-05-26 17:05:02
Response_{"RetCode":4,"Message":"没有你合适的信息，请重新获取！, ","Data":{}}

2021-05-26 17:05:02
Url_http://198.98.98.161:1905/api/Parkings/GetParkHistoryOrderList

2021-05-26 17:05:02
Request_{"AppId":"2017022215330002","AccessToken":"bYhm7qLwLGjhUA26valbuacD5a8uw+0EKukDeOri2c4znyrANm7ccNpvXUeicsO2","Nonce":1622019902,"pageSize":9999,"lastID":0,"CityCode":"440600","BargainOrderType":"1","Sign":"\/FIe5\/5Eeh05bEPInHE0UWPnAwh8gK\/SqJPVLjeUGqM="}

2021-05-26 17:05:02
Response_{"RetCode":4,"Message":"没有你合适的信息，请重新获取！, ","Data":{}}

2021-05-26 17:06:11
Url_http://198.98.98.161:1905/api/Accounts/OrderList

2021-05-26 17:06:11
Request_{"AppId":"2017022215330002","AccessToken":"bYhm7qLwLGjhUA26valbuacD5a8uw+0EKukDeOri2c4znyrANm7ccNpvXUeicsO2","Nonce":1622019971,"LastId":0,"Sign":"HTpOjoBXHlo7cvnBVSIsrMlnXVeyeRW6pDFtGh2GYZE="}

2021-05-26 17:06:11
Response_{"RetCode":4,"Message":"没有你合适的信息，请重新获取！, ","Data":{}}

2021-05-26 17:06:11
Url_http://198.98.98.161:1905/api/Accounts/OrderList

2021-05-26 17:06:11
Request_{"AppId":"2017022215330002","AccessToken":"bYhm7qLwLGjhUA26valbuacD5a8uw+0EKukDeOri2c4znyrANm7ccNpvXUeicsO2","Nonce":1622019971,"pageSize":9999,"lastID":0,"CityCode":"440600","BargainOrderType":"0","Sign":"Z8lhL1SxELZThPhvoZdL1G\/ptJGzq3YG8zeaTzkLnAk="}

2021-05-26 17:06:11
Response_{"RetCode":4,"Message":"没有你合适的信息，请重新获取！, ","Data":{}}

2021-05-26 17:06:11
Url_http://198.98.98.161:1905/api/Parkings/GetParkHistoryOrderList

2021-05-26 17:06:11
Request_{"AppId":"2017022215330002","AccessToken":"bYhm7qLwLGjhUA26valbuacD5a8uw+0EKukDeOri2c4znyrANm7ccNpvXUeicsO2","Nonce":1622019971,"pageSize":9999,"lastID":0,"CityCode":"440600","BargainOrderType":"1","Sign":"28k0BYyr+mKTPCPMXiDUW+4obQyfMjjsXdgzg+QQ0jI="}

2021-05-26 17:06:11
Response_{"RetCode":4,"Message":"没有你合适的信息，请重新获取！, ","Data":{}}

2021-05-26 17:06:35
Url_http://198.98.98.161:1905/api/Accounts/OrderList

2021-05-26 17:06:35
Request_{"AppId":"2017022215330002","AccessToken":"bYhm7qLwLGjhUA26valbuacD5a8uw+0EKukDeOri2c4znyrANm7ccNpvXUeicsO2","Nonce":1622019995,"LastId":0,"Sign":"hRbMJMS+wN3pEqvBADGkqqI17o8kbCgsMNScCk1kSC4="}

2021-05-26 17:06:35
Response_{"RetCode":4,"Message":"没有你合适的信息，请重新获取！, ","Data":{}}

2021-05-26 17:06:35
Url_http://198.98.98.161:1905/api/Accounts/OrderList

2021-05-26 17:06:35
Request_{"AppId":"2017022215330002","AccessToken":"bYhm7qLwLGjhUA26valbuacD5a8uw+0EKukDeOri2c4znyrANm7ccNpvXUeicsO2","Nonce":1622019995,"pageSize":9999,"lastID":0,"CityCode":"440600","BargainOrderType":"0","Sign":"9\/L4A3LmWXvOyWpHyGmfEYufhnxK\/dYX7gAfxzoRros="}

2021-05-26 17:06:35
Response_{"RetCode":4,"Message":"没有你合适的信息，请重新获取！, ","Data":{}}

2021-05-26 17:06:35
Url_http://198.98.98.161:1905/api/Parkings/GetParkHistoryOrderList

2021-05-26 17:06:35
Request_{"AppId":"2017022215330002","AccessToken":"bYhm7qLwLGjhUA26valbuacD5a8uw+0EKukDeOri2c4znyrANm7ccNpvXUeicsO2","Nonce":1622019995,"pageSize":9999,"lastID":0,"CityCode":"440600","BargainOrderType":"1","Sign":"AY6h0Obk3YGqldD8\/MhB3lSdJWAfSFAvvQIO7UEEuVM="}

2021-05-26 17:06:35
Response_{"RetCode":4,"Message":"没有你合适的信息，请重新获取！, ","Data":{}}

2021-05-26 17:06:59
Url_http://198.98.98.161:1905/api/Accounts/OrderList

2021-05-26 17:06:59
Request_{"AppId":"2017022215330002","AccessToken":"bYhm7qLwLGjhUA26valbuacD5a8uw+0EKukDeOri2c4znyrANm7ccNpvXUeicsO2","Nonce":1622020019,"LastId":0,"Sign":"tDnaivplrX0AAdZZC\/mcYcRfhHsMGfPVRX4zgfEsp5k="}

2021-05-26 17:06:59
Response_{"RetCode":4,"Message":"没有你合适的信息，请重新获取！, ","Data":{}}

2021-05-26 17:06:59
Url_http://198.98.98.161:1905/api/Accounts/OrderList

2021-05-26 17:06:59
Request_{"AppId":"2017022215330002","AccessToken":"bYhm7qLwLGjhUA26valbuacD5a8uw+0EKukDeOri2c4znyrANm7ccNpvXUeicsO2","Nonce":1622020019,"pageSize":9999,"lastID":0,"CityCode":"440600","BargainOrderType":"0","Sign":"C6PQuoDjo0u3kKE3ohNCuYSGCyRMPbXpSlQy9nNqQ\/4="}

2021-05-26 17:06:59
Response_{"RetCode":4,"Message":"没有你合适的信息，请重新获取！, ","Data":{}}

2021-05-26 17:06:59
Url_http://198.98.98.161:1905/api/Parkings/GetParkHistoryOrderList

2021-05-26 17:06:59
Request_{"AppId":"2017022215330002","AccessToken":"bYhm7qLwLGjhUA26valbuacD5a8uw+0EKukDeOri2c4znyrANm7ccNpvXUeicsO2","Nonce":1622020019,"pageSize":9999,"lastID":0,"CityCode":"440600","BargainOrderType":"1","Sign":"6jBweJB1WQxW+Gv5kcwBXBYegCBL1gh+R1LEM\/ZpkLE="}

2021-05-26 17:06:59
Response_{"RetCode":4,"Message":"没有你合适的信息，请重新获取！, ","Data":{}}

2021-05-26 17:07:41
Url_http://198.98.98.161:1905/api/Accounts/OrderList

2021-05-26 17:07:41
Request_{"AppId":"2017022215330002","AccessToken":"bYhm7qLwLGjhUA26valbuacD5a8uw+0EKukDeOri2c4znyrANm7ccNpvXUeicsO2","Nonce":1622020061,"LastId":0,"Sign":"8tR2yEAvGO06Ph2pnai01t\/0E79oWlBl2TkbvhZeks4="}

2021-05-26 17:07:41
Response_{"RetCode":4,"Message":"没有你合适的信息，请重新获取！, ","Data":{}}

2021-05-26 17:07:41
Url_http://198.98.98.161:1905/api/Accounts/OrderList

2021-05-26 17:07:41
Request_{"AppId":"2017022215330002","AccessToken":"bYhm7qLwLGjhUA26valbuacD5a8uw+0EKukDeOri2c4znyrANm7ccNpvXUeicsO2","Nonce":1622020061,"pageSize":9999,"lastID":0,"CityCode":"440600","BargainOrderType":"0","Sign":"nMLmgI8+wC+cyZj8c61a2WVF8LLsY\/JpF6gfH+z86ac="}

2021-05-26 17:07:42
Response_{"RetCode":4,"Message":"没有你合适的信息，请重新获取！, ","Data":{}}

2021-05-26 17:07:42
Url_http://198.98.98.161:1905/api/Parkings/GetParkHistoryOrderList

2021-05-26 17:07:42
Request_{"AppId":"2017022215330002","AccessToken":"bYhm7qLwLGjhUA26valbuacD5a8uw+0EKukDeOri2c4znyrANm7ccNpvXUeicsO2","Nonce":1622020061,"pageSize":9999,"lastID":0,"CityCode":"440600","BargainOrderType":"1","Sign":"uhpkgTmg6OfCt5g89EfvDMpSuTdpG\/QAHprksVcOx18="}

2021-05-26 17:07:42
Response_{"RetCode":4,"Message":"没有你合适的信息，请重新获取！, ","Data":{}}

2021-05-26 17:08:30
Url_http://198.98.98.161:1905/api/Accounts/OrderList

2021-05-26 17:08:30
Request_{"AppId":"2017022215330002","AccessToken":"bYhm7qLwLGjhUA26valbuacD5a8uw+0EKukDeOri2c4znyrANm7ccNpvXUeicsO2","Nonce":1622020110,"LastId":0,"Sign":"HM+MpJrZgYaxBcgeUP21KryYU9qn3emvtx+lHt9727o="}

2021-05-26 17:08:30
Response_{"RetCode":4,"Message":"没有你合适的信息，请重新获取！, ","Data":{}}

2021-05-26 17:08:30
Url_http://198.98.98.161:1905/api/Accounts/OrderList

2021-05-26 17:08:30
Request_{"AppId":"2017022215330002","AccessToken":"bYhm7qLwLGjhUA26valbuacD5a8uw+0EKukDeOri2c4znyrANm7ccNpvXUeicsO2","Nonce":1622020110,"pageSize":9999,"lastID":0,"CityCode":"440600","BargainOrderType":"0","Sign":"V6OeU0hPJaFnNp\/3McGarO6LEs\/mpDrGvcB1\/ULjcZY="}

2021-05-26 17:08:30
Response_{"RetCode":4,"Message":"没有你合适的信息，请重新获取！, ","Data":{}}

2021-05-26 17:08:30
Url_http://198.98.98.161:1905/api/Parkings/GetParkHistoryOrderList

2021-05-26 17:08:30
Request_{"AppId":"2017022215330002","AccessToken":"bYhm7qLwLGjhUA26valbuacD5a8uw+0EKukDeOri2c4znyrANm7ccNpvXUeicsO2","Nonce":1622020110,"pageSize":9999,"lastID":0,"CityCode":"440600","BargainOrderType":"1","Sign":"AjSHuoN92dTn92MHDlN0LTDbDe90a4BSebkzMfmySaw="}

2021-05-26 17:08:30
Response_{"RetCode":4,"Message":"没有你合适的信息，请重新获取！, ","Data":{}}

2021-05-26 17:08:31
Url_http://198.98.98.161:1905/api/Accounts/OrderList

2021-05-26 17:08:31
Request_{"AppId":"2017022215330002","AccessToken":"bYhm7qLwLGjhUA26valbuacD5a8uw+0EKukDeOri2c4znyrANm7ccNpvXUeicsO2","Nonce":1622020111,"LastId":0,"Sign":"\/amc8F0vQULQECwiCBZAswISXgAHEs+D1pXVzRZjKtg="}

2021-05-26 17:08:31
Response_{"RetCode":4,"Message":"没有你合适的信息，请重新获取！, ","Data":{}}

2021-05-26 17:08:31
Url_http://198.98.98.161:1905/api/Accounts/OrderList

2021-05-26 17:08:31
Request_{"AppId":"2017022215330002","AccessToken":"bYhm7qLwLGjhUA26valbuacD5a8uw+0EKukDeOri2c4znyrANm7ccNpvXUeicsO2","Nonce":1622020111,"pageSize":9999,"lastID":0,"CityCode":"440600","BargainOrderType":"0","Sign":"wrJLJO1QjCBOe\/2Vn9TROMgWsI2DmdaOJlpIXm8PQrE="}

2021-05-26 17:08:31
Response_{"RetCode":4,"Message":"没有你合适的信息，请重新获取！, ","Data":{}}

2021-05-26 17:08:31
Url_http://198.98.98.161:1905/api/Parkings/GetParkHistoryOrderList

2021-05-26 17:08:31
Request_{"AppId":"2017022215330002","AccessToken":"bYhm7qLwLGjhUA26valbuacD5a8uw+0EKukDeOri2c4znyrANm7ccNpvXUeicsO2","Nonce":1622020111,"pageSize":9999,"lastID":0,"CityCode":"440600","BargainOrderType":"1","Sign":"SNrtoLrOIN38o7UwRxbPOtHQVH\/sQXIoSzQYN9iVcE8="}

2021-05-26 17:08:31
Response_{"RetCode":4,"Message":"没有你合适的信息，请重新获取！, ","Data":{}}

2021-05-26 17:08:47
Url_http://198.98.98.161:1905/api/Accounts/OrderList

2021-05-26 17:08:47
Request_{"AppId":"2017022215330002","AccessToken":"bYhm7qLwLGjhUA26valbuacD5a8uw+0EKukDeOri2c4znyrANm7ccNpvXUeicsO2","Nonce":1622020127,"LastId":0,"Sign":"BW4RRk0CWz9u2aUQEIvA1BEBO5QSohreEdCg1i9FXKo="}

2021-05-26 17:08:47
Response_{"RetCode":4,"Message":"没有你合适的信息，请重新获取！, ","Data":{}}

2021-05-26 17:08:47
Url_http://198.98.98.161:1905/api/Accounts/OrderList

2021-05-26 17:08:47
Request_{"AppId":"2017022215330002","AccessToken":"bYhm7qLwLGjhUA26valbuacD5a8uw+0EKukDeOri2c4znyrANm7ccNpvXUeicsO2","Nonce":1622020127,"pageSize":9999,"lastID":0,"CityCode":"440600","BargainOrderType":"0","Sign":"X1J0NOK3ouPHtsQRk9\/tmfXpZWDaoKaTSmf\/wwMt+tQ="}

2021-05-26 17:08:47
Response_{"RetCode":4,"Message":"没有你合适的信息，请重新获取！, ","Data":{}}

2021-05-26 17:08:47
Url_http://198.98.98.161:1905/api/Parkings/GetParkHistoryOrderList

2021-05-26 17:08:47
Request_{"AppId":"2017022215330002","AccessToken":"bYhm7qLwLGjhUA26valbuacD5a8uw+0EKukDeOri2c4znyrANm7ccNpvXUeicsO2","Nonce":1622020127,"pageSize":9999,"lastID":0,"CityCode":"440600","BargainOrderType":"1","Sign":"zJY\/tEZ93jgYrcDCr1\/0WvZHqYnEnRaDTiLgz4d8O1U="}

2021-05-26 17:08:47
Response_{"RetCode":4,"Message":"没有你合适的信息，请重新获取！, ","Data":{}}

2021-05-26 17:12:36
Url_http://198.98.98.161:1905/api/Accounts/OrderList

2021-05-26 17:12:36
Request_{"AppId":"2017022215330002","AccessToken":"bYhm7qLwLGjhUA26valbuacD5a8uw+0EKukDeOri2c4znyrANm7ccNpvXUeicsO2","Nonce":1622020356,"LastId":0,"Sign":"ECPSIzU52qyPxSVLWUkPoCd34K2YL2EoenZMBIF6y\/s="}

2021-05-26 17:12:37
Response_{"RetCode":4,"Message":"没有你合适的信息，请重新获取！, ","Data":{}}

2021-05-26 17:12:37
Url_http://198.98.98.161:1905/api/Accounts/OrderList

2021-05-26 17:12:37
Request_{"AppId":"2017022215330002","AccessToken":"bYhm7qLwLGjhUA26valbuacD5a8uw+0EKukDeOri2c4znyrANm7ccNpvXUeicsO2","Nonce":1622020356,"pageSize":9999,"lastID":0,"CityCode":"440600","BargainOrderType":"0","Sign":"LWt4aoy2HLXivYAo3poBzzmG15nLNkWwYT+J8tgeWjQ="}

2021-05-26 17:12:37
Response_{"RetCode":4,"Message":"没有你合适的信息，请重新获取！, ","Data":{}}

2021-05-26 17:12:37
Url_http://198.98.98.161:1905/api/Parkings/GetParkHistoryOrderList

2021-05-26 17:12:37
Request_{"AppId":"2017022215330002","AccessToken":"bYhm7qLwLGjhUA26valbuacD5a8uw+0EKukDeOri2c4znyrANm7ccNpvXUeicsO2","Nonce":1622020356,"pageSize":9999,"lastID":0,"CityCode":"440600","BargainOrderType":"1","Sign":"bSMu4TWeCsJdFERsZUvhT6P6xax7IR0mY6bjpScoPj4="}

2021-05-26 17:12:37
Response_{"RetCode":4,"Message":"没有你合适的信息，请重新获取！, ","Data":{}}

2021-05-26 17:24:22
Url_http://198.98.98.161:1905/api/Accounts/OrderList

2021-05-26 17:24:22
Request_{"AppId":"2017022215330002","AccessToken":"bYhm7qLwLGjhUA26valbuacD5a8uw+0EKukDeOri2c4znyrANm7ccNpvXUeicsO2","Nonce":1622021062,"LastId":0,"Sign":"M4KWiqrXggBUtaJJ8BlZmobKUhmV3ZwkrWoMCh64Xz0="}

2021-05-26 17:24:22
Response_{"RetCode":4,"Message":"没有你合适的信息，请重新获取！, ","Data":{}}

2021-05-26 17:24:22
Url_http://198.98.98.161:1905/api/Accounts/OrderList

2021-05-26 17:24:22
Request_{"AppId":"2017022215330002","AccessToken":"bYhm7qLwLGjhUA26valbuacD5a8uw+0EKukDeOri2c4znyrANm7ccNpvXUeicsO2","Nonce":1622021062,"pageSize":9999,"lastID":0,"CityCode":"440600","BargainOrderType":"0","Sign":"PUDt6ic7h2O5i3PTsJZsFjGSzQ2fnwyljcdWJxE4O0k="}

2021-05-26 17:24:22
Response_{"RetCode":4,"Message":"没有你合适的信息，请重新获取！, ","Data":{}}

2021-05-26 17:24:22
Url_http://198.98.98.161:1905/api/Parkings/GetParkHistoryOrderList

2021-05-26 17:24:22
Request_{"AppId":"2017022215330002","AccessToken":"bYhm7qLwLGjhUA26valbuacD5a8uw+0EKukDeOri2c4znyrANm7ccNpvXUeicsO2","Nonce":1622021062,"pageSize":9999,"lastID":0,"CityCode":"440600","BargainOrderType":"1","Sign":"1amNWhwLjJi5e0LkXg4zeMIhcUg90RmHqQjopFHx1ZI="}

2021-05-26 17:24:22
Response_{"RetCode":4,"Message":"没有你合适的信息，请重新获取！, ","Data":{}}

2021-05-26 17:25:35
Url_http://198.98.98.161:1905/api/Accounts/OrderList

2021-05-26 17:25:35
Request_{"AppId":"2017022215330002","AccessToken":"bYhm7qLwLGjhUA26valbuacD5a8uw+0EKukDeOri2c4znyrANm7ccNpvXUeicsO2","Nonce":1622021135,"LastId":0,"Sign":"C3OqcPdMZB\/rLio1l82nMi50hqiCriDxYGplHhsvErc="}

2021-05-26 17:25:35
Response_{"RetCode":4,"Message":"没有你合适的信息，请重新获取！, ","Data":{}}

2021-05-26 17:25:35
Url_http://198.98.98.161:1905/api/Accounts/OrderList

2021-05-26 17:25:35
Request_{"AppId":"2017022215330002","AccessToken":"bYhm7qLwLGjhUA26valbuacD5a8uw+0EKukDeOri2c4znyrANm7ccNpvXUeicsO2","Nonce":1622021135,"pageSize":9999,"lastID":0,"CityCode":"440600","BargainOrderType":"0","Sign":"ssrbeMdevTki00\/q\/bcFkhB+8DEbjC6YTn37n\/ZZ8YI="}

2021-05-26 17:25:35
Response_{"RetCode":4,"Message":"没有你合适的信息，请重新获取！, ","Data":{}}

2021-05-26 17:25:35
Url_http://198.98.98.161:1905/api/Parkings/GetParkHistoryOrderList

2021-05-26 17:25:35
Request_{"AppId":"2017022215330002","AccessToken":"bYhm7qLwLGjhUA26valbuacD5a8uw+0EKukDeOri2c4znyrANm7ccNpvXUeicsO2","Nonce":1622021135,"pageSize":9999,"lastID":0,"CityCode":"440600","BargainOrderType":"1","Sign":"KpZq4jjLbJfZ45zN61TWY+fgeunqBJxpeI\/hnV3zsDg="}

2021-05-26 17:25:35
Response_{"RetCode":4,"Message":"没有你合适的信息，请重新获取！, ","Data":{}}

2021-05-26 17:25:37
Url_http://198.98.98.161:1905/api/Accounts/OrderList

2021-05-26 17:25:37
Request_{"AppId":"2017022215330002","AccessToken":"bYhm7qLwLGjhUA26valbuacD5a8uw+0EKukDeOri2c4znyrANm7ccNpvXUeicsO2","Nonce":1622021137,"LastId":0,"Sign":"cOZmV+Wo8S5nGJSt1hYyKeR4L0tZNq+stpNVExTGTsY="}

2021-05-26 17:25:37
Response_{"RetCode":4,"Message":"没有你合适的信息，请重新获取！, ","Data":{}}

2021-05-26 17:25:37
Url_http://198.98.98.161:1905/api/Accounts/OrderList

2021-05-26 17:25:37
Request_{"AppId":"2017022215330002","AccessToken":"bYhm7qLwLGjhUA26valbuacD5a8uw+0EKukDeOri2c4znyrANm7ccNpvXUeicsO2","Nonce":1622021137,"pageSize":9999,"lastID":0,"CityCode":"440600","BargainOrderType":"0","Sign":"7gO5nYaYdTmEBkrOz+bjDEdc39dpa1llVuF0+LMA+w0="}

2021-05-26 17:25:37
Response_{"RetCode":4,"Message":"没有你合适的信息，请重新获取！, ","Data":{}}

2021-05-26 17:25:37
Url_http://198.98.98.161:1905/api/Parkings/GetParkHistoryOrderList

2021-05-26 17:25:37
Request_{"AppId":"2017022215330002","AccessToken":"bYhm7qLwLGjhUA26valbuacD5a8uw+0EKukDeOri2c4znyrANm7ccNpvXUeicsO2","Nonce":1622021137,"pageSize":9999,"lastID":0,"CityCode":"440600","BargainOrderType":"1","Sign":"tgUkrgGUL4PCkI4Or8Tz64twVN+MBkhlJiGkFpWnZ94="}

2021-05-26 17:25:37
Response_{"RetCode":4,"Message":"没有你合适的信息，请重新获取！, ","Data":{}}

2021-05-26 17:26:15
Url_http://198.98.98.161:1905/api/Accounts/OrderList

2021-05-26 17:26:15
Request_{"AppId":"2017022215330002","AccessToken":"bYhm7qLwLGjhUA26valbuacD5a8uw+0EKukDeOri2c4znyrANm7ccNpvXUeicsO2","Nonce":1622021175,"LastId":0,"Sign":"mZcB\/Sa6VV5GhWZZjFmsZoylusuNXXiAxCPGrCcCO0c="}

2021-05-26 17:26:15
Response_{"RetCode":4,"Message":"没有你合适的信息，请重新获取！, ","Data":{}}

2021-05-26 17:26:15
Url_http://198.98.98.161:1905/api/Accounts/OrderList

2021-05-26 17:26:15
Request_{"AppId":"2017022215330002","AccessToken":"bYhm7qLwLGjhUA26valbuacD5a8uw+0EKukDeOri2c4znyrANm7ccNpvXUeicsO2","Nonce":1622021175,"pageSize":9999,"lastID":0,"CityCode":"440600","BargainOrderType":"0","Sign":"7XE9N8ukxXcWMRipBWuBM1+uY+l\/7UtfL15hjP1fRDc="}

2021-05-26 17:26:15
Response_{"RetCode":4,"Message":"没有你合适的信息，请重新获取！, ","Data":{}}

2021-05-26 17:26:15
Url_http://198.98.98.161:1905/api/Parkings/GetParkHistoryOrderList

2021-05-26 17:26:15
Request_{"AppId":"2017022215330002","AccessToken":"bYhm7qLwLGjhUA26valbuacD5a8uw+0EKukDeOri2c4znyrANm7ccNpvXUeicsO2","Nonce":1622021175,"pageSize":9999,"lastID":0,"CityCode":"440600","BargainOrderType":"1","Sign":"mPwCDPmxe+oDMsMfA2yuSnvXwVzCSwsMpkA0qqlNCWI="}

2021-05-26 17:26:15
Response_{"RetCode":4,"Message":"没有你合适的信息，请重新获取！, ","Data":{}}

2021-05-26 17:26:42
Url_http://198.98.98.161:1905/api/Accounts/OrderList

2021-05-26 17:26:42
Request_{"AppId":"2017022215330002","AccessToken":"bYhm7qLwLGjhUA26valbuacD5a8uw+0EKukDeOri2c4znyrANm7ccNpvXUeicsO2","Nonce":1622021202,"LastId":0,"Sign":"9Ky\/oOYm9VN0i1coOmTx\/JbHubEMKsNOQk7X8yzje\/M="}

2021-05-26 17:26:42
Response_{"RetCode":4,"Message":"没有你合适的信息，请重新获取！, ","Data":{}}

2021-05-26 17:26:42
Url_http://198.98.98.161:1905/api/Accounts/OrderList

2021-05-26 17:26:42
Request_{"AppId":"2017022215330002","AccessToken":"bYhm7qLwLGjhUA26valbuacD5a8uw+0EKukDeOri2c4znyrANm7ccNpvXUeicsO2","Nonce":1622021202,"pageSize":9999,"lastID":0,"CityCode":"440600","BargainOrderType":"0","Sign":"OmblfyUIo0adR0pY92CYEr0+w10zDXEhdMHIYR8MRbw="}

2021-05-26 17:26:42
Response_{"RetCode":4,"Message":"没有你合适的信息，请重新获取！, ","Data":{}}

2021-05-26 17:26:42
Url_http://198.98.98.161:1905/api/Parkings/GetParkHistoryOrderList

2021-05-26 17:26:42
Request_{"AppId":"2017022215330002","AccessToken":"bYhm7qLwLGjhUA26valbuacD5a8uw+0EKukDeOri2c4znyrANm7ccNpvXUeicsO2","Nonce":1622021202,"pageSize":9999,"lastID":0,"CityCode":"440600","BargainOrderType":"1","Sign":"s+UTwKC3OZAGwbGc\/GuAoAvFDku5EisOWGcI+Re0qq8="}

2021-05-26 17:26:42
Response_{"RetCode":4,"Message":"没有你合适的信息，请重新获取！, ","Data":{}}

2021-05-26 17:26:58
Url_http://198.98.98.161:1905/api/Accounts/OrderList

2021-05-26 17:26:58
Request_{"AppId":"2017022215330002","AccessToken":"bYhm7qLwLGjhUA26valbuacD5a8uw+0EKukDeOri2c4znyrANm7ccNpvXUeicsO2","Nonce":1622021218,"LastId":0,"Sign":"JffFzU3v7nWH3YPTt\/PnqsDuBebjjT9ArpCzpVWaDOM="}

2021-05-26 17:26:58
Response_{"RetCode":4,"Message":"没有你合适的信息，请重新获取！, ","Data":{}}

2021-05-26 17:26:58
Url_http://198.98.98.161:1905/api/Accounts/OrderList

2021-05-26 17:26:58
Request_{"AppId":"2017022215330002","AccessToken":"bYhm7qLwLGjhUA26valbuacD5a8uw+0EKukDeOri2c4znyrANm7ccNpvXUeicsO2","Nonce":1622021218,"pageSize":9999,"lastID":0,"CityCode":"440600","BargainOrderType":"0","Sign":"0ysDzWaRGX\/vt5fnYrZOp\/Qc0EwmD\/N790wZaCKPcJQ="}

2021-05-26 17:26:58
Response_{"RetCode":4,"Message":"没有你合适的信息，请重新获取！, ","Data":{}}

2021-05-26 17:26:58
Url_http://198.98.98.161:1905/api/Parkings/GetParkHistoryOrderList

2021-05-26 17:26:58
Request_{"AppId":"2017022215330002","AccessToken":"bYhm7qLwLGjhUA26valbuacD5a8uw+0EKukDeOri2c4znyrANm7ccNpvXUeicsO2","Nonce":1622021218,"pageSize":9999,"lastID":0,"CityCode":"440600","BargainOrderType":"1","Sign":"jdvbUOz9yx\/4r+J5r\/yUrOM8WxqqwXz7zwPPLRZKYAU="}

2021-05-26 17:26:58
Response_{"RetCode":4,"Message":"没有你合适的信息，请重新获取！, ","Data":{}}

2021-05-26 17:27:18
Url_http://198.98.98.161:1905/api/Accounts/OrderList

2021-05-26 17:27:18
Request_{"AppId":"2017022215330002","AccessToken":"bYhm7qLwLGjhUA26valbuacD5a8uw+0EKukDeOri2c4znyrANm7ccNpvXUeicsO2","Nonce":1622021238,"LastId":0,"Sign":"HErb44HFYznl3sj1ROXGOMTxfymg7YciCcn77z68umo="}

2021-05-26 17:27:18
Response_{"RetCode":4,"Message":"没有你合适的信息，请重新获取！, ","Data":{}}

2021-05-26 17:27:18
Url_http://198.98.98.161:1905/api/Accounts/OrderList

2021-05-26 17:27:18
Request_{"AppId":"2017022215330002","AccessToken":"bYhm7qLwLGjhUA26valbuacD5a8uw+0EKukDeOri2c4znyrANm7ccNpvXUeicsO2","Nonce":1622021238,"pageSize":9999,"lastID":0,"CityCode":"440600","BargainOrderType":"0","Sign":"Y97TL6aB4R9a+dFmxJ6w2sk9jKCuLjtxDXK5UaFvheg="}

2021-05-26 17:27:18
Response_{"RetCode":4,"Message":"没有你合适的信息，请重新获取！, ","Data":{}}

2021-05-26 17:27:18
Url_http://198.98.98.161:1905/api/Parkings/GetParkHistoryOrderList

2021-05-26 17:27:18
Request_{"AppId":"2017022215330002","AccessToken":"bYhm7qLwLGjhUA26valbuacD5a8uw+0EKukDeOri2c4znyrANm7ccNpvXUeicsO2","Nonce":1622021238,"pageSize":9999,"lastID":0,"CityCode":"440600","BargainOrderType":"1","Sign":"ThEpGSEzgWlFZ+zGWoFOyXpE\/j4HtNJ5ZDfoUfCtJ8k="}

2021-05-26 17:27:19
Response_{"RetCode":4,"Message":"没有你合适的信息，请重新获取！, ","Data":{}}

2021-05-26 17:27:45
Url_http://198.98.98.161:1905/api/Accounts/OrderList

2021-05-26 17:27:45
Request_{"AppId":"2017022215330002","AccessToken":"bYhm7qLwLGjhUA26valbuacD5a8uw+0EKukDeOri2c4znyrANm7ccNpvXUeicsO2","Nonce":1622021265,"LastId":0,"Sign":"sjWecU8HLFFpLIVsAzQEjvyKxMXEirqm6WlRgRRt0z4="}

2021-05-26 17:27:45
Response_{"RetCode":4,"Message":"没有你合适的信息，请重新获取！, ","Data":{}}

2021-05-26 17:27:45
Url_http://198.98.98.161:1905/api/Accounts/OrderList

2021-05-26 17:27:45
Request_{"AppId":"2017022215330002","AccessToken":"bYhm7qLwLGjhUA26valbuacD5a8uw+0EKukDeOri2c4znyrANm7ccNpvXUeicsO2","Nonce":1622021265,"pageSize":9999,"lastID":0,"CityCode":"440600","BargainOrderType":"0","Sign":"2rHc\/zVU4IETW6INyyVavAtp\/Y3GN8dlFbsopbQKxWQ="}

2021-05-26 17:27:45
Response_{"RetCode":4,"Message":"没有你合适的信息，请重新获取！, ","Data":{}}

2021-05-26 17:27:45
Url_http://198.98.98.161:1905/api/Parkings/GetParkHistoryOrderList

2021-05-26 17:27:45
Request_{"AppId":"2017022215330002","AccessToken":"bYhm7qLwLGjhUA26valbuacD5a8uw+0EKukDeOri2c4znyrANm7ccNpvXUeicsO2","Nonce":1622021265,"pageSize":9999,"lastID":0,"CityCode":"440600","BargainOrderType":"1","Sign":"vHKKeU0sNAZJUF89Js2AUXhtmMJJZpU0V3YdsF5Jj2o="}

2021-05-26 17:27:45
Response_{"RetCode":4,"Message":"没有你合适的信息，请重新获取！, ","Data":{}}

2021-05-26 17:28:27
Url_http://198.98.98.161:1905/api/Accounts/OrderList

2021-05-26 17:28:27
Request_{"AppId":"2017022215330002","AccessToken":"bYhm7qLwLGjhUA26valbuacD5a8uw+0EKukDeOri2c4znyrANm7ccNpvXUeicsO2","Nonce":1622021307,"LastId":0,"Sign":"TRL5jsNrdT0k3\/7k+PvR+T\/As+QODfhjwNGi5TzhrBg="}

2021-05-26 17:28:27
Response_{"RetCode":4,"Message":"没有你合适的信息，请重新获取！, ","Data":{}}

2021-05-26 17:28:27
Url_http://198.98.98.161:1905/api/Accounts/OrderList

2021-05-26 17:28:27
Request_{"AppId":"2017022215330002","AccessToken":"bYhm7qLwLGjhUA26valbuacD5a8uw+0EKukDeOri2c4znyrANm7ccNpvXUeicsO2","Nonce":1622021307,"pageSize":9999,"lastID":0,"CityCode":"440600","BargainOrderType":"0","Sign":"KODJDFsfwTvLhL5BoewB8HvzRpiUKqpEufHHNJkEkZk="}

2021-05-26 17:28:27
Response_{"RetCode":4,"Message":"没有你合适的信息，请重新获取！, ","Data":{}}

2021-05-26 17:28:27
Url_http://198.98.98.161:1905/api/Parkings/GetParkHistoryOrderList

2021-05-26 17:28:27
Request_{"AppId":"2017022215330002","AccessToken":"bYhm7qLwLGjhUA26valbuacD5a8uw+0EKukDeOri2c4znyrANm7ccNpvXUeicsO2","Nonce":1622021307,"pageSize":9999,"lastID":0,"CityCode":"440600","BargainOrderType":"1","Sign":"3shM9fL2tXstXTW3Mk8Ke03fb859g+mbUyHlrGINKOk="}

2021-05-26 17:28:27
Response_{"RetCode":4,"Message":"没有你合适的信息，请重新获取！, ","Data":{}}

2021-05-26 17:28:52
Url_http://198.98.98.161:1905/api/Accounts/OrderList

2021-05-26 17:28:52
Request_{"AppId":"2017022215330002","AccessToken":"bYhm7qLwLGjhUA26valbuacD5a8uw+0EKukDeOri2c4znyrANm7ccNpvXUeicsO2","Nonce":1622021332,"LastId":0,"Sign":"REZKlMVD5NqUfryjudnc2+WkDrNr1Kkpuupgb\/2dkLk="}

2021-05-26 17:28:52
Response_{"RetCode":4,"Message":"没有你合适的信息，请重新获取！, ","Data":{}}

2021-05-26 17:28:52
Url_http://198.98.98.161:1905/api/Accounts/OrderList

2021-05-26 17:28:52
Request_{"AppId":"2017022215330002","AccessToken":"bYhm7qLwLGjhUA26valbuacD5a8uw+0EKukDeOri2c4znyrANm7ccNpvXUeicsO2","Nonce":1622021332,"pageSize":9999,"lastID":0,"CityCode":"440600","BargainOrderType":"0","Sign":"QftmIwAy52E+nCKEvtkAskvpqn7+uvrHqc9m+HqhkA8="}

2021-05-26 17:28:52
Response_{"RetCode":4,"Message":"没有你合适的信息，请重新获取！, ","Data":{}}

2021-05-26 17:28:52
Url_http://198.98.98.161:1905/api/Parkings/GetParkHistoryOrderList

2021-05-26 17:28:52
Request_{"AppId":"2017022215330002","AccessToken":"bYhm7qLwLGjhUA26valbuacD5a8uw+0EKukDeOri2c4znyrANm7ccNpvXUeicsO2","Nonce":1622021332,"pageSize":9999,"lastID":0,"CityCode":"440600","BargainOrderType":"1","Sign":"HAKOnWdFO2CaqpaSe9ZxFP4bvaB5srp6NtrMHysnCIA="}

2021-05-26 17:28:52
Response_{"RetCode":4,"Message":"没有你合适的信息，请重新获取！, ","Data":{}}

2021-05-26 17:28:53
Url_http://198.98.98.161:1905/api/Accounts/OrderList

2021-05-26 17:28:53
Request_{"AppId":"2017022215330002","AccessToken":"bYhm7qLwLGjhUA26valbuacD5a8uw+0EKukDeOri2c4znyrANm7ccNpvXUeicsO2","Nonce":1622021333,"LastId":0,"Sign":"y9hJj+5SSft36gwOCKU8uJarX4\/qit1abIrSgzPB7w4="}

2021-05-26 17:28:53
Response_{"RetCode":4,"Message":"没有你合适的信息，请重新获取！, ","Data":{}}

2021-05-26 17:28:53
Url_http://198.98.98.161:1905/api/Accounts/OrderList

2021-05-26 17:28:53
Request_{"AppId":"2017022215330002","AccessToken":"bYhm7qLwLGjhUA26valbuacD5a8uw+0EKukDeOri2c4znyrANm7ccNpvXUeicsO2","Nonce":1622021333,"pageSize":9999,"lastID":0,"CityCode":"440600","BargainOrderType":"0","Sign":"fuPSp1vevi9WgxYYiKvoDfIcKgSKIP1SFZVHl2JQRqw="}

2021-05-26 17:28:53
Response_{"RetCode":4,"Message":"没有你合适的信息，请重新获取！, ","Data":{}}

2021-05-26 17:28:53
Url_http://198.98.98.161:1905/api/Parkings/GetParkHistoryOrderList

2021-05-26 17:28:53
Request_{"AppId":"2017022215330002","AccessToken":"bYhm7qLwLGjhUA26valbuacD5a8uw+0EKukDeOri2c4znyrANm7ccNpvXUeicsO2","Nonce":1622021333,"pageSize":9999,"lastID":0,"CityCode":"440600","BargainOrderType":"1","Sign":"l38dreMPB9CJxQCKX307OB8wS7\/tyP0l9X0sfrKg9As="}

2021-05-26 17:28:53
Response_{"RetCode":4,"Message":"没有你合适的信息，请重新获取！, ","Data":{}}

2021-05-26 17:28:54
Url_http://198.98.98.161:1905/api/Accounts/OrderList

2021-05-26 17:28:54
Request_{"AppId":"2017022215330002","AccessToken":"bYhm7qLwLGjhUA26valbuacD5a8uw+0EKukDeOri2c4znyrANm7ccNpvXUeicsO2","Nonce":1622021334,"LastId":0,"Sign":"jik8ylJo\/qXnd9bA4jeN6Weukc2ns9kRpjbCoKMNuuA="}

2021-05-26 17:28:54
Response_{"RetCode":4,"Message":"没有你合适的信息，请重新获取！, ","Data":{}}

2021-05-26 17:28:54
Url_http://198.98.98.161:1905/api/Accounts/OrderList

2021-05-26 17:28:54
Request_{"AppId":"2017022215330002","AccessToken":"bYhm7qLwLGjhUA26valbuacD5a8uw+0EKukDeOri2c4znyrANm7ccNpvXUeicsO2","Nonce":1622021334,"pageSize":9999,"lastID":0,"CityCode":"440600","BargainOrderType":"0","Sign":"k1GJ8w7HcmbS3+JYfTv+C+5fhPEyne7VUQRT\/MA0oQU="}

2021-05-26 17:28:54
Response_{"RetCode":4,"Message":"没有你合适的信息，请重新获取！, ","Data":{}}

2021-05-26 17:28:54
Url_http://198.98.98.161:1905/api/Parkings/GetParkHistoryOrderList

2021-05-26 17:28:54
Request_{"AppId":"2017022215330002","AccessToken":"bYhm7qLwLGjhUA26valbuacD5a8uw+0EKukDeOri2c4znyrANm7ccNpvXUeicsO2","Nonce":1622021334,"pageSize":9999,"lastID":0,"CityCode":"440600","BargainOrderType":"1","Sign":"eSpZrZKG+YMVSDLYUE\/vRKuZd3nlRUt9op5rvEvsxR8="}

2021-05-26 17:28:54
Response_{"RetCode":4,"Message":"没有你合适的信息，请重新获取！, ","Data":{}}

2021-05-26 17:29:29
Url_http://198.98.98.161:1905/api/Accounts/OrderList

2021-05-26 17:29:29
Request_{"AppId":"2017022215330002","AccessToken":"bYhm7qLwLGjhUA26valbuacD5a8uw+0EKukDeOri2c4znyrANm7ccNpvXUeicsO2","Nonce":1622021369,"LastId":0,"Sign":"DgbEexy73ZPUnsoH3UiU3XT\/VUiJxKDdikf6\/XBnyUk="}

2021-05-26 17:29:29
Response_{"RetCode":4,"Message":"没有你合适的信息，请重新获取！, ","Data":{}}

2021-05-26 17:29:29
Url_http://198.98.98.161:1905/api/Accounts/OrderList

2021-05-26 17:29:29
Request_{"AppId":"2017022215330002","AccessToken":"bYhm7qLwLGjhUA26valbuacD5a8uw+0EKukDeOri2c4znyrANm7ccNpvXUeicsO2","Nonce":1622021369,"pageSize":9999,"lastID":0,"CityCode":"440600","BargainOrderType":"0","Sign":"o8piwg+kh7z4b9tN4fNNEqVi+sJ9JvAQWxCM+IxhaAs="}

2021-05-26 17:29:29
Response_{"RetCode":4,"Message":"没有你合适的信息，请重新获取！, ","Data":{}}

2021-05-26 17:29:29
Url_http://198.98.98.161:1905/api/Parkings/GetParkHistoryOrderList

2021-05-26 17:29:29
Request_{"AppId":"2017022215330002","AccessToken":"bYhm7qLwLGjhUA26valbuacD5a8uw+0EKukDeOri2c4znyrANm7ccNpvXUeicsO2","Nonce":1622021369,"pageSize":9999,"lastID":0,"CityCode":"440600","BargainOrderType":"1","Sign":"eb6JO6NHefPWQtR3QPX\/tEPz4bHPc6D12sR95W2kwMc="}

2021-05-26 17:29:29
Response_{"RetCode":4,"Message":"没有你合适的信息，请重新获取！, ","Data":{}}

2021-05-26 17:29:55
Url_http://198.98.98.161:1905/api/Accounts/OrderList

2021-05-26 17:29:55
Request_{"AppId":"2017022215330002","AccessToken":"bYhm7qLwLGjhUA26valbuacD5a8uw+0EKukDeOri2c4znyrANm7ccNpvXUeicsO2","Nonce":1622021395,"LastId":0,"Sign":"5LcC+ejM\/4QxCNWA\/I5QfWup5SLc2tdPQwH5uuASAv8="}

2021-05-26 17:29:55
Response_{"RetCode":4,"Message":"没有你合适的信息，请重新获取！, ","Data":{}}

2021-05-26 17:29:55
Url_http://198.98.98.161:1905/api/Accounts/OrderList

2021-05-26 17:29:55
Request_{"AppId":"2017022215330002","AccessToken":"bYhm7qLwLGjhUA26valbuacD5a8uw+0EKukDeOri2c4znyrANm7ccNpvXUeicsO2","Nonce":1622021395,"pageSize":9999,"lastID":0,"CityCode":"440600","BargainOrderType":"0","Sign":"BMaP\/o6bQOFiaJP9god6Dw9XRxUnOAJNPPbwQbAAIDA="}

2021-05-26 17:29:55
Response_{"RetCode":4,"Message":"没有你合适的信息，请重新获取！, ","Data":{}}

2021-05-26 17:29:55
Url_http://198.98.98.161:1905/api/Parkings/GetParkHistoryOrderList

2021-05-26 17:29:55
Request_{"AppId":"2017022215330002","AccessToken":"bYhm7qLwLGjhUA26valbuacD5a8uw+0EKukDeOri2c4znyrANm7ccNpvXUeicsO2","Nonce":1622021395,"pageSize":9999,"lastID":0,"CityCode":"440600","BargainOrderType":"1","Sign":"U4FC7+TV7TDZsB\/CJXxJ1njcsqNW8tWGvvngYf+iSVo="}

2021-05-26 17:29:55
Response_{"RetCode":4,"Message":"没有你合适的信息，请重新获取！, ","Data":{}}

2021-05-26 17:30:03
Url_http://198.98.98.161:1905/api/Accounts/OrderList

2021-05-26 17:30:03
Request_{"AppId":"2017022215330002","AccessToken":"bYhm7qLwLGjhUA26valbuacD5a8uw+0EKukDeOri2c4znyrANm7ccNpvXUeicsO2","Nonce":1622021403,"LastId":0,"Sign":"EPtlfQf4AdLREEONcYw1OegmA7+UaIgaawEN235OuaA="}

2021-05-26 17:30:03
Response_{"RetCode":4,"Message":"没有你合适的信息，请重新获取！, ","Data":{}}

2021-05-26 17:30:03
Url_http://198.98.98.161:1905/api/Accounts/OrderList

2021-05-26 17:30:03
Request_{"AppId":"2017022215330002","AccessToken":"bYhm7qLwLGjhUA26valbuacD5a8uw+0EKukDeOri2c4znyrANm7ccNpvXUeicsO2","Nonce":1622021403,"pageSize":9999,"lastID":0,"CityCode":"440600","BargainOrderType":"0","Sign":"c8BYf3eN5+UddSrqXYxRH5rPcMA8TL1hkzjsoYmQpZc="}

2021-05-26 17:30:03
Response_{"RetCode":4,"Message":"没有你合适的信息，请重新获取！, ","Data":{}}

2021-05-26 17:30:03
Url_http://198.98.98.161:1905/api/Parkings/GetParkHistoryOrderList

2021-05-26 17:30:03
Request_{"AppId":"2017022215330002","AccessToken":"bYhm7qLwLGjhUA26valbuacD5a8uw+0EKukDeOri2c4znyrANm7ccNpvXUeicsO2","Nonce":1622021403,"pageSize":9999,"lastID":0,"CityCode":"440600","BargainOrderType":"1","Sign":"WNtOPuqak+5kUhl1xn\/Xo02UrKCdytCAqU+IG7TCHOM="}

2021-05-26 17:30:03
Response_{"RetCode":4,"Message":"没有你合适的信息，请重新获取！, ","Data":{}}

2021-05-26 17:30:11
Url_http://198.98.98.161:1905/api/Accounts/OrderList

2021-05-26 17:30:11
Request_{"AppId":"2017022215330002","AccessToken":"bYhm7qLwLGjhUA26valbuacD5a8uw+0EKukDeOri2c4znyrANm7ccNpvXUeicsO2","Nonce":1622021411,"LastId":0,"Sign":"GoO8R1OuhquoPcKRS6pcmTw7MDq90wxwRu4w3reihHQ="}

2021-05-26 17:30:11
Response_{"RetCode":4,"Message":"没有你合适的信息，请重新获取！, ","Data":{}}

2021-05-26 17:30:11
Url_http://198.98.98.161:1905/api/Accounts/OrderList

2021-05-26 17:30:11
Request_{"AppId":"2017022215330002","AccessToken":"bYhm7qLwLGjhUA26valbuacD5a8uw+0EKukDeOri2c4znyrANm7ccNpvXUeicsO2","Nonce":1622021411,"pageSize":9999,"lastID":0,"CityCode":"440600","BargainOrderType":"0","Sign":"hkdzaaqZx3EHYJnu1gMJKaKfanrWVjj8QTw21VoPSZI="}

2021-05-26 17:30:11
Response_{"RetCode":4,"Message":"没有你合适的信息，请重新获取！, ","Data":{}}

2021-05-26 17:30:11
Url_http://198.98.98.161:1905/api/Parkings/GetParkHistoryOrderList

2021-05-26 17:30:11
Request_{"AppId":"2017022215330002","AccessToken":"bYhm7qLwLGjhUA26valbuacD5a8uw+0EKukDeOri2c4znyrANm7ccNpvXUeicsO2","Nonce":1622021411,"pageSize":9999,"lastID":0,"CityCode":"440600","BargainOrderType":"1","Sign":"4auAbubi+rBL1BkmaiYlCsYChjO4m3QC6PWAUIOVCFM="}

2021-05-26 17:30:11
Response_{"RetCode":4,"Message":"没有你合适的信息，请重新获取！, ","Data":{}}

2021-05-26 17:30:44
Url_http://198.98.98.161:1905/api/Accounts/OrderList

2021-05-26 17:30:44
Request_{"AppId":"2017022215330002","AccessToken":"bYhm7qLwLGjhUA26valbuacD5a8uw+0EKukDeOri2c4znyrANm7ccNpvXUeicsO2","Nonce":1622021444,"LastId":0,"Sign":"5SsmG2PvaAWwJBVvMEUCjSrIUbMoYkNHySvw2EECGvI="}

2021-05-26 17:30:44
Response_{"RetCode":4,"Message":"没有你合适的信息，请重新获取！, ","Data":{}}

2021-05-26 17:30:44
Url_http://198.98.98.161:1905/api/Accounts/OrderList

2021-05-26 17:30:44
Request_{"AppId":"2017022215330002","AccessToken":"bYhm7qLwLGjhUA26valbuacD5a8uw+0EKukDeOri2c4znyrANm7ccNpvXUeicsO2","Nonce":1622021444,"pageSize":9999,"lastID":0,"CityCode":"440600","BargainOrderType":"0","Sign":"yjJLbiPxTahu3Opb+bG2wcSFVxypoUiIZBt4+sD+qNk="}

2021-05-26 17:30:44
Response_{"RetCode":4,"Message":"没有你合适的信息，请重新获取！, ","Data":{}}

2021-05-26 17:30:44
Url_http://198.98.98.161:1905/api/Parkings/GetParkHistoryOrderList

2021-05-26 17:30:44
Request_{"AppId":"2017022215330002","AccessToken":"bYhm7qLwLGjhUA26valbuacD5a8uw+0EKukDeOri2c4znyrANm7ccNpvXUeicsO2","Nonce":1622021444,"pageSize":9999,"lastID":0,"CityCode":"440600","BargainOrderType":"1","Sign":"0jTez3tW0NjFSFbZm4pCmY\/q4rTp9peBOhGHSDK6ukI="}

2021-05-26 17:30:44
Response_{"RetCode":4,"Message":"没有你合适的信息，请重新获取！, ","Data":{}}

2021-05-26 17:30:57
Url_http://198.98.98.161:1905/api/Accounts/OrderList

2021-05-26 17:30:57
Request_{"AppId":"2017022215330002","AccessToken":"bYhm7qLwLGjhUA26valbuacD5a8uw+0EKukDeOri2c4znyrANm7ccNpvXUeicsO2","Nonce":1622021457,"LastId":0,"Sign":"nyo9xM3r1MOeLAd0zFABYXZaSqZvoTibZbZD2DpVkMg="}

2021-05-26 17:30:57
Response_{"RetCode":4,"Message":"没有你合适的信息，请重新获取！, ","Data":{}}

2021-05-26 17:30:57
Url_http://198.98.98.161:1905/api/Accounts/OrderList

2021-05-26 17:30:57
Request_{"AppId":"2017022215330002","AccessToken":"bYhm7qLwLGjhUA26valbuacD5a8uw+0EKukDeOri2c4znyrANm7ccNpvXUeicsO2","Nonce":1622021457,"pageSize":9999,"lastID":0,"CityCode":"440600","BargainOrderType":"0","Sign":"coG9+ETx8fb2VllMzaysqLR5N7pNOk\/CNtptN9cM4tw="}

2021-05-26 17:30:57
Response_{"RetCode":4,"Message":"没有你合适的信息，请重新获取！, ","Data":{}}

2021-05-26 17:30:57
Url_http://198.98.98.161:1905/api/Parkings/GetParkHistoryOrderList

2021-05-26 17:30:57
Request_{"AppId":"2017022215330002","AccessToken":"bYhm7qLwLGjhUA26valbuacD5a8uw+0EKukDeOri2c4znyrANm7ccNpvXUeicsO2","Nonce":1622021457,"pageSize":9999,"lastID":0,"CityCode":"440600","BargainOrderType":"1","Sign":"IXUfnQD50L36Hl8bN4\/U+AgiSR0DXGMzCGm+bSGnmSs="}

2021-05-26 17:30:57
Response_{"RetCode":4,"Message":"没有你合适的信息，请重新获取！, ","Data":{}}

2021-05-26 17:31:39
Url_http://198.98.98.161:1905/api/Accounts/OrderList

2021-05-26 17:31:39
Request_{"AppId":"2017022215330002","AccessToken":"bYhm7qLwLGjhUA26valbuacD5a8uw+0EKukDeOri2c4znyrANm7ccNpvXUeicsO2","Nonce":1622021499,"LastId":0,"Sign":"8huiyXXaQ4otSxhZfev82NV\/ed\/2Xj\/LJsuKlPRzBWM="}

2021-05-26 17:31:39
Response_{"RetCode":4,"Message":"没有你合适的信息，请重新获取！, ","Data":{}}

2021-05-26 17:31:39
Url_http://198.98.98.161:1905/api/Accounts/OrderList

2021-05-26 17:31:39
Request_{"AppId":"2017022215330002","AccessToken":"bYhm7qLwLGjhUA26valbuacD5a8uw+0EKukDeOri2c4znyrANm7ccNpvXUeicsO2","Nonce":1622021499,"pageSize":9999,"lastID":0,"CityCode":"440600","BargainOrderType":"0","Sign":"CizdYMBVFbHbAsuPVCTtDS8Jq9H9lzzvQZvmWruw3VA="}

2021-05-26 17:31:40
Response_{"RetCode":4,"Message":"没有你合适的信息，请重新获取！, ","Data":{}}

2021-05-26 17:31:40
Url_http://198.98.98.161:1905/api/Parkings/GetParkHistoryOrderList

2021-05-26 17:31:40
Request_{"AppId":"2017022215330002","AccessToken":"bYhm7qLwLGjhUA26valbuacD5a8uw+0EKukDeOri2c4znyrANm7ccNpvXUeicsO2","Nonce":1622021499,"pageSize":9999,"lastID":0,"CityCode":"440600","BargainOrderType":"1","Sign":"dtpJ9QnScs\/NK9bOUFQgEsLiBHQuvTnLYQxWre16Uhw="}

2021-05-26 17:31:40
Response_{"RetCode":4,"Message":"没有你合适的信息，请重新获取！, ","Data":{}}

2021-05-26 17:32:40
Url_http://198.98.98.161:1905/api/Accounts/OrderList

2021-05-26 17:32:40
Request_{"AppId":"2017022215330002","AccessToken":"bYhm7qLwLGjhUA26valbuacD5a8uw+0EKukDeOri2c4znyrANm7ccNpvXUeicsO2","Nonce":1622021560,"LastId":0,"Sign":"bgmuef9VUrMkwuRkMWVsMt47cGEiS9XgJT8HFZxi+Hw="}

2021-05-26 17:32:40
Response_{"RetCode":4,"Message":"没有你合适的信息，请重新获取！, ","Data":{}}

2021-05-26 17:32:40
Url_http://198.98.98.161:1905/api/Accounts/OrderList

2021-05-26 17:32:40
Request_{"AppId":"2017022215330002","AccessToken":"bYhm7qLwLGjhUA26valbuacD5a8uw+0EKukDeOri2c4znyrANm7ccNpvXUeicsO2","Nonce":1622021560,"pageSize":9999,"lastID":0,"CityCode":"440600","BargainOrderType":"0","Sign":"P9xjDnQvse7r0fuVH7gylcjoHYHIC+NPJVwtG0X9hDQ="}

2021-05-26 17:32:40
Response_{"RetCode":4,"Message":"没有你合适的信息，请重新获取！, ","Data":{}}

2021-05-26 17:32:40
Url_http://198.98.98.161:1905/api/Parkings/GetParkHistoryOrderList

2021-05-26 17:32:40
Request_{"AppId":"2017022215330002","AccessToken":"bYhm7qLwLGjhUA26valbuacD5a8uw+0EKukDeOri2c4znyrANm7ccNpvXUeicsO2","Nonce":1622021560,"pageSize":9999,"lastID":0,"CityCode":"440600","BargainOrderType":"1","Sign":"mgubPG\/E+JE9J+3eZXyXRmfh1SWnqdWyI9qMtJkf3c8="}

2021-05-26 17:32:41
Response_{"RetCode":4,"Message":"没有你合适的信息，请重新获取！, ","Data":{}}

2021-05-26 17:33:39
Url_http://198.98.98.161:1905/api/Accounts/OrderList

2021-05-26 17:33:39
Request_{"AppId":"2017022215330002","AccessToken":"bYhm7qLwLGjhUA26valbuacD5a8uw+0EKukDeOri2c4znyrANm7ccNpvXUeicsO2","Nonce":1622021619,"LastId":0,"Sign":"79rShskc+dnloxQHZdLp1OCmOIOo4UAsE5LPRmELWxU="}

2021-05-26 17:33:39
Response_{"RetCode":4,"Message":"没有你合适的信息，请重新获取！, ","Data":{}}

2021-05-26 17:33:39
Url_http://198.98.98.161:1905/api/Accounts/OrderList

2021-05-26 17:33:39
Request_{"AppId":"2017022215330002","AccessToken":"bYhm7qLwLGjhUA26valbuacD5a8uw+0EKukDeOri2c4znyrANm7ccNpvXUeicsO2","Nonce":1622021619,"pageSize":9999,"lastID":0,"CityCode":"440600","BargainOrderType":"0","Sign":"GSbEhoDjO41s1FniuOryyMtbxi9POxk1yXYEuinARgQ="}

2021-05-26 17:33:39
Response_{"RetCode":4,"Message":"没有你合适的信息，请重新获取！, ","Data":{}}

2021-05-26 17:33:39
Url_http://198.98.98.161:1905/api/Parkings/GetParkHistoryOrderList

2021-05-26 17:33:39
Request_{"AppId":"2017022215330002","AccessToken":"bYhm7qLwLGjhUA26valbuacD5a8uw+0EKukDeOri2c4znyrANm7ccNpvXUeicsO2","Nonce":1622021619,"pageSize":9999,"lastID":0,"CityCode":"440600","BargainOrderType":"1","Sign":"q7\/GBGRAKidqGn0GcA3WPStHm17a\/i\/i\/acOGyUw1ag="}

2021-05-26 17:33:39
Response_{"RetCode":4,"Message":"没有你合适的信息，请重新获取！, ","Data":{}}

2021-05-26 17:34:05
Url_http://198.98.98.161:1905/api/Accounts/OrderList

2021-05-26 17:34:05
Request_{"AppId":"2017022215330002","AccessToken":"bYhm7qLwLGjhUA26valbuacD5a8uw+0EKukDeOri2c4znyrANm7ccNpvXUeicsO2","Nonce":1622021645,"LastId":0,"Sign":"8MDvkA6v6scmbFU+9TAicn+yOpXUMvblL305x6wYML0="}

2021-05-26 17:34:05
Response_{"RetCode":4,"Message":"没有你合适的信息，请重新获取！, ","Data":{}}

2021-05-26 17:34:05
Url_http://198.98.98.161:1905/api/Accounts/OrderList

2021-05-26 17:34:05
Request_{"AppId":"2017022215330002","AccessToken":"bYhm7qLwLGjhUA26valbuacD5a8uw+0EKukDeOri2c4znyrANm7ccNpvXUeicsO2","Nonce":1622021645,"pageSize":9999,"lastID":0,"CityCode":"440600","BargainOrderType":"0","Sign":"CiqCp0m3SJdxvLqprl8CsbnVdLIv0sTK3J3pnBwQqmg="}

2021-05-26 17:34:05
Response_{"RetCode":4,"Message":"没有你合适的信息，请重新获取！, ","Data":{}}

2021-05-26 17:34:05
Url_http://198.98.98.161:1905/api/Parkings/GetParkHistoryOrderList

2021-05-26 17:34:05
Request_{"AppId":"2017022215330002","AccessToken":"bYhm7qLwLGjhUA26valbuacD5a8uw+0EKukDeOri2c4znyrANm7ccNpvXUeicsO2","Nonce":1622021645,"pageSize":9999,"lastID":0,"CityCode":"440600","BargainOrderType":"1","Sign":"zHUrVF3nKWU9LVXPsxKP\/ZVGxDr7G9EbjDVVbGSHYgM="}

2021-05-26 17:34:05
Response_{"RetCode":4,"Message":"没有你合适的信息，请重新获取！, ","Data":{}}

2021-05-26 17:35:35
Url_http://198.98.98.161:1905/api/Accounts/OrderList

2021-05-26 17:35:35
Request_{"AppId":"2017022215330002","AccessToken":"bYhm7qLwLGjhUA26valbuacD5a8uw+0EKukDeOri2c4znyrANm7ccNpvXUeicsO2","Nonce":1622021735,"LastId":0,"Sign":"RNaeUA6T7azdYU1K2nLlqDF1L7FI0Ftrqz9NrEH4LIQ="}

2021-05-26 17:35:35
Response_{"RetCode":4,"Message":"没有你合适的信息，请重新获取！, ","Data":{}}

2021-05-26 17:35:35
Url_http://198.98.98.161:1905/api/Accounts/OrderList

2021-05-26 17:35:35
Request_{"AppId":"2017022215330002","AccessToken":"bYhm7qLwLGjhUA26valbuacD5a8uw+0EKukDeOri2c4znyrANm7ccNpvXUeicsO2","Nonce":1622021735,"pageSize":9999,"lastID":0,"CityCode":"440600","BargainOrderType":"0","Sign":"XzcRWTqCbuyAoqQOpOxGm6cQ1Y5atzcZevDiozfkXJg="}

2021-05-26 17:35:35
Response_{"RetCode":4,"Message":"没有你合适的信息，请重新获取！, ","Data":{}}

2021-05-26 17:35:35
Url_http://198.98.98.161:1905/api/Parkings/GetParkHistoryOrderList

2021-05-26 17:35:35
Request_{"AppId":"2017022215330002","AccessToken":"bYhm7qLwLGjhUA26valbuacD5a8uw+0EKukDeOri2c4znyrANm7ccNpvXUeicsO2","Nonce":1622021735,"pageSize":9999,"lastID":0,"CityCode":"440600","BargainOrderType":"1","Sign":"KVvX0qipMgvOvGZXLTzY+nKtFxViRLx3uu4nMniLETc="}

2021-05-26 17:35:35
Response_{"RetCode":4,"Message":"没有你合适的信息，请重新获取！, ","Data":{}}

